#
# There is insufficient memory for the Java Runtime Environment to continue.
# Native memory allocation (malloc) failed to allocate 681696 bytes for Chunk::new
# Possible reasons:
#   The system is out of physical RAM or swap space
#   The process is running with CompressedOops enabled, and the Java Heap may be blocking the growth of the native heap
# Possible solutions:
#   Reduce memory load on the system
#   Increase physical memory or swap space
#   Check if swap backing store is full
#   Decrease Java heap size (-Xmx/-Xms)
#   Decrease number of Java threads
#   Decrease Java thread stack sizes (-Xss)
#   Set larger code cache with -XX:ReservedCodeCacheSize=
#   JVM is running with Unscaled Compressed Oops mode in which the Java heap is
#     placed in the first 4GB address space. The Java Heap base address is the
#     maximum limit for the native heap growth. Please use -XX:HeapBaseMinAddress
#     to set the Java Heap base and to place the Java Heap above 4GB virtual address.
# This output file may be truncated or incomplete.
#
#  Out of Memory Error (./src/hotspot/share/memory/arena.cpp:197), pid=12196, tid=22420
#
# JRE version: OpenJDK Runtime Environment (11.0.11+9) (build 11.0.11+9-b60-7590822)
# Java VM: OpenJDK 64-Bit Server VM (11.0.11+9-b60-7590822, mixed mode, tiered, compressed oops, g1 gc, windows-amd64)
# No core dump will be written. Minidumps are not enabled by default on client versions of Windows
#

---------------  S U M M A R Y ------------

Command Line: --add-opens=java.base/java.util=ALL-UNNAMED --add-opens=java.base/java.lang=ALL-UNNAMED --add-opens=java.base/java.lang.invoke=ALL-UNNAMED --add-opens=java.base/java.util=ALL-UNNAMED --add-opens=java.prefs/java.util.prefs=ALL-UNNAMED --add-opens=java.prefs/java.util.prefs=ALL-UNNAMED --add-opens=java.base/java.nio.charset=ALL-UNNAMED --add-opens=java.base/java.net=ALL-UNNAMED --add-opens=java.base/java.util.concurrent.atomic=ALL-UNNAMED -Xmx1536M -Dfile.encoding=windows-1252 -Duser.country=TR -Duser.language=tr -Duser.variant org.gradle.launcher.daemon.bootstrap.GradleDaemon 7.3.3

Host: Intel(R) Core(TM) i5-10300H CPU @ 2.50GHz, 8 cores, 7G,  Windows 10 , 64 bit Build 19041 (10.0.19041.1706)
Time: Fri Jun 10 01:15:50 2022 Türkiye Standart Saati elapsed time: 1727.190187 seconds (0d 0h 28m 47s)

---------------  T H R E A D  ---------------

Current thread (0x000002aa298b7000):  JavaThread "C2 CompilerThread0" daemon [_thread_in_native, id=22420, stack(0x000000f718600000,0x000000f718700000)]


Current CompileTask:
C2:1727190 18619   !   4       org.gradle.api.internal.artifacts.ivyservice.resolveengine.graph.builder.EdgeState::calculateTargetConfigurations (449 bytes)

Stack: [0x000000f718600000,0x000000f718700000]
Native frames: (J=compiled Java code, j=interpreted, Vv=VM code, C=native code)
V  [jvm.dll+0x5f214a]
V  [jvm.dll+0x726fb5]
V  [jvm.dll+0x7285cd]
V  [jvm.dll+0x728c83]
V  [jvm.dll+0x243278]
V  [jvm.dll+0xbc53c]
V  [jvm.dll+0xbca3c]
V  [jvm.dll+0x2b5c34]
V  [jvm.dll+0x508488]
V  [jvm.dll+0x1fd826]
V  [jvm.dll+0x1fb35f]
V  [jvm.dll+0x183d6c]
V  [jvm.dll+0x209a57]
V  [jvm.dll+0x2082a1]
V  [jvm.dll+0x6ef58f]
V  [jvm.dll+0x6e80b5]
V  [jvm.dll+0x5f1036]
C  [ucrtbase.dll+0x21bb2]
C  [KERNEL32.DLL+0x17034]
C  [ntdll.dll+0x52651]


---------------  P R O C E S S  ---------------

Threads class SMR info:
_java_thread_list=0x000002aa2f4fb990, length=65, elements={
0x000002aa10700800, 0x000002aa29891000, 0x000002aa2989c000, 0x000002aa298af000,
0x000002aa298b0000, 0x000002aa298b1800, 0x000002aa298b7000, 0x000002aa298c5000,
0x000002aa298ca800, 0x000002aa2a381000, 0x000002aa2b646800, 0x000002aa2c2cf800,
0x000002aa2b9b9800, 0x000002aa2c1a4800, 0x000002aa2c1a1000, 0x000002aa2c1a6000,
0x000002aa2c1a0800, 0x000002aa2c1a2800, 0x000002aa2e82c000, 0x000002aa2e82a800,
0x000002aa2e82a000, 0x000002aa2e828000, 0x000002aa2e82b800, 0x000002aa2e82d000,
0x000002aa2e829000, 0x000002aa2cc14000, 0x000002aa2cc0e800, 0x000002aa2cc15000,
0x000002aa2cc16000, 0x000002aa2cc16800, 0x000002aa2aab8000, 0x000002aa2b07d800,
0x000002aa2b070800, 0x000002aa2b072000, 0x000002aa2b077000, 0x000002aa2b073000,
0x000002aa2b073800, 0x000002aa2b074800, 0x000002aa2b076000, 0x000002aa2b075800,
0x000002aa2b071800, 0x000002aa2b07a000, 0x000002aa2b079800, 0x000002aa2b078000,
0x000002aa2b07b000, 0x000002aa2b07c000, 0x000002aa2b07c800, 0x000002aa2b07e800,
0x000002aa2b078800, 0x000002aa2b07f000, 0x000002aa31615800, 0x000002aa3161b800,
0x000002aa3161c000, 0x000002aa3161a800, 0x000002aa31619800, 0x000002aa31616800,
0x000002aa3161d000, 0x000002aa31618000, 0x000002aa31617800, 0x000002aa3161e800,
0x000002aa31622800, 0x000002aa31620800, 0x000002aa31621000, 0x000002aa31623800,
0x000002aa3161f800
}

Java Threads: ( => current thread )
  0x000002aa10700800 JavaThread "main" [_thread_blocked, id=5452, stack(0x000000f717a00000,0x000000f717b00000)]
  0x000002aa29891000 JavaThread "Reference Handler" daemon [_thread_blocked, id=2532, stack(0x000000f718100000,0x000000f718200000)]
  0x000002aa2989c000 JavaThread "Finalizer" daemon [_thread_blocked, id=11508, stack(0x000000f718200000,0x000000f718300000)]
  0x000002aa298af000 JavaThread "Signal Dispatcher" daemon [_thread_blocked, id=21904, stack(0x000000f718300000,0x000000f718400000)]
  0x000002aa298b0000 JavaThread "Attach Listener" daemon [_thread_blocked, id=6448, stack(0x000000f718400000,0x000000f718500000)]
  0x000002aa298b1800 JavaThread "Service Thread" daemon [_thread_blocked, id=23156, stack(0x000000f718500000,0x000000f718600000)]
=>0x000002aa298b7000 JavaThread "C2 CompilerThread0" daemon [_thread_in_native, id=22420, stack(0x000000f718600000,0x000000f718700000)]
  0x000002aa298c5000 JavaThread "C1 CompilerThread0" daemon [_thread_blocked, id=25260, stack(0x000000f718700000,0x000000f718800000)]
  0x000002aa298ca800 JavaThread "Sweeper thread" daemon [_thread_blocked, id=22572, stack(0x000000f718800000,0x000000f718900000)]
  0x000002aa2a381000 JavaThread "Common-Cleaner" daemon [_thread_blocked, id=6640, stack(0x000000f718900000,0x000000f718a00000)]
  0x000002aa2b646800 JavaThread "Daemon health stats" [_thread_blocked, id=21208, stack(0x000000f718d00000,0x000000f718e00000)]
  0x000002aa2c2cf800 JavaThread "Incoming local TCP Connector on port 58363" [_thread_in_native, id=25292, stack(0x000000f718f00000,0x000000f719000000)]
  0x000002aa2b9b9800 JavaThread "Daemon periodic checks" [_thread_blocked, id=24660, stack(0x000000f719000000,0x000000f719100000)]
  0x000002aa2c1a4800 JavaThread "Cache worker for journal cache (C:\Users\Necat\.gradle\caches\journal-1)" [_thread_blocked, id=25328, stack(0x000000f719800000,0x000000f719900000)]
  0x000002aa2c1a1000 JavaThread "File lock request listener" [_thread_in_native, id=21804, stack(0x000000f719900000,0x000000f719a00000)]
  0x000002aa2c1a6000 JavaThread "Cache worker for file hash cache (C:\Users\Necat\.gradle\caches\7.3.3\fileHashes)" [_thread_blocked, id=14032, stack(0x000000f719a00000,0x000000f719b00000)]
  0x000002aa2c1a0800 JavaThread "File watcher server" daemon [_thread_in_native, id=9176, stack(0x000000f71a200000,0x000000f71a300000)]
  0x000002aa2c1a2800 JavaThread "File watcher consumer" daemon [_thread_blocked, id=18284, stack(0x000000f71a300000,0x000000f71a400000)]
  0x000002aa2e82c000 JavaThread "Cache worker for execution history cache (C:\Users\Necat\.gradle\caches\7.3.3\executionHistory)" [_thread_blocked, id=12908, stack(0x000000f71a700000,0x000000f71a800000)]
  0x000002aa2e82a800 JavaThread "jar transforms" [_thread_blocked, id=17612, stack(0x000000f71a800000,0x000000f71a900000)]
  0x000002aa2e82a000 JavaThread "jar transforms Thread 2" [_thread_blocked, id=9028, stack(0x000000f71a900000,0x000000f71aa00000)]
  0x000002aa2e828000 JavaThread "Cache worker for file content cache (C:\Users\Necat\.gradle\caches\7.3.3\fileContent)" [_thread_blocked, id=22344, stack(0x000000f71aa00000,0x000000f71ab00000)]
  0x000002aa2e82b800 JavaThread "jar transforms Thread 3" [_thread_blocked, id=9268, stack(0x000000f71ab00000,0x000000f71ac00000)]
  0x000002aa2e82d000 JavaThread "jar transforms Thread 4" [_thread_blocked, id=2712, stack(0x000000f71ac00000,0x000000f71ad00000)]
  0x000002aa2e829000 JavaThread "jar transforms Thread 5" [_thread_blocked, id=23520, stack(0x000000f71ae00000,0x000000f71af00000)]
  0x000002aa2cc14000 JavaThread "jar transforms Thread 6" [_thread_blocked, id=21196, stack(0x000000f720000000,0x000000f720100000)]
  0x000002aa2cc0e800 JavaThread "jar transforms Thread 7" [_thread_blocked, id=6416, stack(0x000000f720100000,0x000000f720200000)]
  0x000002aa2cc15000 JavaThread "jar transforms Thread 8" [_thread_blocked, id=456, stack(0x000000f720200000,0x000000f720300000)]
  0x000002aa2cc16000 JavaThread "Memory manager" [_thread_blocked, id=18552, stack(0x000000f720300000,0x000000f720400000)]
  0x000002aa2cc16800 JavaThread "pool-3-thread-1" [_thread_blocked, id=6680, stack(0x000000f720500000,0x000000f720600000)]
  0x000002aa2aab8000 JavaThread "ForkJoinPool.commonPool-worker-13" daemon [_thread_blocked, id=20376, stack(0x000000f721d00000,0x000000f721e00000)]
  0x000002aa2b07d800 JavaThread "pool-7-thread-1" [_thread_blocked, id=25064, stack(0x000000f71fd00000,0x000000f71fe00000)]
  0x000002aa2b070800 JavaThread "Daemon Thread 3" [_thread_blocked, id=22732, stack(0x000000f717700000,0x000000f717800000)]
  0x000002aa2b072000 JavaThread "Handler for socket connection from /127.0.0.1:58363 to /127.0.0.1:60714" [_thread_in_native, id=12692, stack(0x000000f717800000,0x000000f717900000)]
  0x000002aa2b077000 JavaThread "Cancel handler" [_thread_blocked, id=14360, stack(0x000000f717900000,0x000000f717a00000)]
  0x000002aa2b073000 JavaThread "Daemon worker Thread 3" [_thread_in_Java, id=32, stack(0x000000f719100000,0x000000f719200000)]
  0x000002aa2b073800 JavaThread "Asynchronous log dispatcher for DefaultDaemonConnection: socket connection from /127.0.0.1:58363 to /127.0.0.1:60714" [_thread_blocked, id=21096, stack(0x000000f719200000,0x000000f719300000)]
  0x000002aa2b074800 JavaThread "Stdin handler" [_thread_blocked, id=20600, stack(0x000000f719300000,0x000000f719400000)]
  0x000002aa2b076000 JavaThread "Daemon client event forwarder" [_thread_blocked, id=17828, stack(0x000000f719400000,0x000000f719500000)]
  0x000002aa2b075800 JavaThread "Cache worker for file hash cache (D:\AndroidStudioProjects\diyetlendin\android\.gradle\7.3.3\fileHashes)" [_thread_blocked, id=18708, stack(0x000000f719500000,0x000000f719600000)]
  0x000002aa2b071800 JavaThread "Cache worker for checksums cache (D:\AndroidStudioProjects\diyetlendin\android\.gradle\7.3.3\checksums)" [_thread_blocked, id=18944, stack(0x000000f719600000,0x000000f719700000)]
  0x000002aa2b07a000 JavaThread "Cache worker for cache directory md-supplier (C:\Users\Necat\.gradle\caches\7.3.3\md-supplier)" [_thread_blocked, id=20704, stack(0x000000f719700000,0x000000f719800000)]
  0x000002aa2b079800 JavaThread "Cache worker for cache directory md-rule (C:\Users\Necat\.gradle\caches\7.3.3\md-rule)" [_thread_blocked, id=18136, stack(0x000000f71a000000,0x000000f71a100000)]
  0x000002aa2b078000 JavaThread "Cache worker for dependencies-accessors (D:\AndroidStudioProjects\diyetlendin\android\.gradle\7.3.3\dependencies-accessors)" [_thread_blocked, id=24076, stack(0x000000f71a100000,0x000000f71a200000)]
  0x000002aa2b07b000 JavaThread "Cache worker for Build Output Cleanup Cache (D:\AndroidStudioProjects\diyetlendin\android\.gradle\buildOutputCleanup)" [_thread_blocked, id=7736, stack(0x000000f71a400000,0x000000f71a500000)]
  0x000002aa2b07c000 JavaThread "Unconstrained build operations" [_thread_blocked, id=17260, stack(0x000000f71a500000,0x000000f71a600000)]
  0x000002aa2b07c800 JavaThread "Unconstrained build operations Thread 2" [_thread_blocked, id=13736, stack(0x000000f71a600000,0x000000f71a700000)]
  0x000002aa2b07e800 JavaThread "Unconstrained build operations Thread 3" [_thread_blocked, id=19900, stack(0x000000f71ad00000,0x000000f71ae00000)]
  0x000002aa2b078800 JavaThread "Unconstrained build operations Thread 4" [_thread_blocked, id=25948, stack(0x000000f71af00000,0x000000f71b000000)]
  0x000002aa2b07f000 JavaThread "Unconstrained build operations Thread 5" [_thread_blocked, id=20816, stack(0x000000f71b000000,0x000000f71b100000)]
  0x000002aa31615800 JavaThread "Unconstrained build operations Thread 6" [_thread_blocked, id=17368, stack(0x000000f71b100000,0x000000f71b200000)]
  0x000002aa3161b800 JavaThread "Unconstrained build operations Thread 7" [_thread_blocked, id=7660, stack(0x000000f71b200000,0x000000f71b300000)]
  0x000002aa3161c000 JavaThread "Unconstrained build operations Thread 8" [_thread_blocked, id=4768, stack(0x000000f71b300000,0x000000f71b400000)]
  0x000002aa3161a800 JavaThread "Unconstrained build operations Thread 9" [_thread_blocked, id=20524, stack(0x000000f71b400000,0x000000f71b500000)]
  0x000002aa31619800 JavaThread "Unconstrained build operations Thread 10" [_thread_blocked, id=11732, stack(0x000000f71b500000,0x000000f71b600000)]
  0x000002aa31616800 JavaThread "Unconstrained build operations Thread 11" [_thread_blocked, id=22372, stack(0x000000f71b600000,0x000000f71b700000)]
  0x000002aa3161d000 JavaThread "Unconstrained build operations Thread 12" [_thread_blocked, id=19076, stack(0x000000f71b700000,0x000000f71b800000)]
  0x000002aa31618000 JavaThread "Unconstrained build operations Thread 13" [_thread_blocked, id=13524, stack(0x000000f71b800000,0x000000f71b900000)]
  0x000002aa31617800 JavaThread "Unconstrained build operations Thread 14" [_thread_blocked, id=16096, stack(0x000000f71b900000,0x000000f71ba00000)]
  0x000002aa3161e800 JavaThread "Unconstrained build operations Thread 15" [_thread_blocked, id=24868, stack(0x000000f71ba00000,0x000000f71bb00000)]
  0x000002aa31622800 JavaThread "Unconstrained build operations Thread 16" [_thread_blocked, id=24308, stack(0x000000f71bb00000,0x000000f71bc00000)]
  0x000002aa31620800 JavaThread "Unconstrained build operations Thread 17" [_thread_blocked, id=26552, stack(0x000000f71bc00000,0x000000f71bd00000)]
  0x000002aa31621000 JavaThread "Unconstrained build operations Thread 18" [_thread_blocked, id=22660, stack(0x000000f71bd00000,0x000000f71be00000)]
  0x000002aa31623800 JavaThread "Unconstrained build operations Thread 19" [_thread_blocked, id=20624, stack(0x000000f71be00000,0x000000f71bf00000)]
  0x000002aa3161f800 JavaThread "Unconstrained build operations Thread 20" [_thread_blocked, id=20656, stack(0x000000f71bf00000,0x000000f71c000000)]

Other Threads:
  0x000002aa2986e000 VMThread "VM Thread" [stack: 0x000000f718000000,0x000000f718100000] [id=19772]
  0x000002aa2a3b3000 WatcherThread [stack: 0x000000f718a00000,0x000000f718b00000] [id=11068]
  0x000002aa1071a000 GCTaskThread "GC Thread#0" [stack: 0x000000f717b00000,0x000000f717c00000] [id=11316]
  0x000002aa2a947000 GCTaskThread "GC Thread#1" [stack: 0x000000f718b00000,0x000000f718c00000] [id=20156]
  0x000002aa2af5e800 GCTaskThread "GC Thread#2" [stack: 0x000000f718c00000,0x000000f718d00000] [id=10332]
  0x000002aa2b65f800 GCTaskThread "GC Thread#3" [stack: 0x000000f718e00000,0x000000f718f00000] [id=5668]
  0x000002aa2c968800 GCTaskThread "GC Thread#4" [stack: 0x000000f719b00000,0x000000f719c00000] [id=20764]
  0x000002aa2c969000 GCTaskThread "GC Thread#5" [stack: 0x000000f719c00000,0x000000f719d00000] [id=10176]
  0x000002aa2c963000 GCTaskThread "GC Thread#6" [stack: 0x000000f719d00000,0x000000f719e00000] [id=17752]
  0x000002aa2c964000 GCTaskThread "GC Thread#7" [stack: 0x000000f719e00000,0x000000f719f00000] [id=12792]
  0x000002aa10740800 ConcurrentGCThread "G1 Main Marker" [stack: 0x000000f717c00000,0x000000f717d00000] [id=12112]
  0x000002aa10743000 ConcurrentGCThread "G1 Conc#0" [stack: 0x000000f717d00000,0x000000f717e00000] [id=10984]
  0x000002aa2c93a000 ConcurrentGCThread "G1 Conc#1" [stack: 0x000000f719f00000,0x000000f71a000000] [id=19768]
  0x000002aa296e0800 ConcurrentGCThread "G1 Refine#0" [stack: 0x000000f717e00000,0x000000f717f00000] [id=21620]
  0x000002aa296e1000 ConcurrentGCThread "G1 Young RemSet Sampling" [stack: 0x000000f717f00000,0x000000f718000000] [id=7804]

Threads with active compile tasks:
C2 CompilerThread01727217 18619   !   4       org.gradle.api.internal.artifacts.ivyservice.resolveengine.graph.builder.EdgeState::calculateTargetConfigurations (449 bytes)

VM state:not at safepoint (normal execution)

VM Mutex/Monitor currently owned by a thread: None

OutOfMemory and StackOverflow Exception counts:
OutOfMemoryError java_heap_errors=1
StackOverflowErrors=1
LinkageErrors=123

Heap address: 0x00000000a0000000, size: 1536 MB, Compressed Oops mode: 32-bit
Narrow klass base: 0x0000000000000000, Narrow klass shift: 3
Compressed class space size: 1073741824 Address: 0x0000000100000000

Heap:
 garbage-first heap   total 358400K, used 256256K [0x00000000a0000000, 0x0000000100000000)
  region size 1024K, 88 young (90112K), 15 survivors (15360K)
 Metaspace       used 111047K, capacity 115893K, committed 116048K, reserved 1148928K
  class space    used 14086K, capacity 15618K, committed 15744K, reserved 1048576K
Heap Regions: E=young(eden), S=young(survivor), O=old, HS=humongous(starts), HC=humongous(continues), CS=collection set, F=free, A=archive, TAMS=top-at-mark-start (previous, next)
|   0|0x00000000a0000000, 0x00000000a0100000, 0x00000000a0100000|100%| O|  |TAMS 0x00000000a0100000, 0x00000000a0000000| Untracked 
|   1|0x00000000a0100000, 0x00000000a0200000, 0x00000000a0200000|100%| O|  |TAMS 0x00000000a0200000, 0x00000000a0100000| Untracked 
|   2|0x00000000a0200000, 0x00000000a0300000, 0x00000000a0300000|100%| O|  |TAMS 0x00000000a0300000, 0x00000000a0200000| Untracked 
|   3|0x00000000a0300000, 0x00000000a0400000, 0x00000000a0400000|100%|HS|  |TAMS 0x00000000a0400000, 0x00000000a0300000| Complete 
|   4|0x00000000a0400000, 0x00000000a0500000, 0x00000000a0500000|100%|HC|  |TAMS 0x00000000a0500000, 0x00000000a0400000| Complete 
|   5|0x00000000a0500000, 0x00000000a0600000, 0x00000000a0600000|100%|HC|  |TAMS 0x00000000a0600000, 0x00000000a0500000| Complete 
|   6|0x00000000a0600000, 0x00000000a0700000, 0x00000000a0700000|100%| O|  |TAMS 0x00000000a0700000, 0x00000000a0600000| Untracked 
|   7|0x00000000a0700000, 0x00000000a0800000, 0x00000000a0800000|100%| O|  |TAMS 0x00000000a0800000, 0x00000000a0700000| Untracked 
|   8|0x00000000a0800000, 0x00000000a0900000, 0x00000000a0900000|100%| O|  |TAMS 0x00000000a0900000, 0x00000000a0800000| Untracked 
|   9|0x00000000a0900000, 0x00000000a0a00000, 0x00000000a0a00000|100%| O|  |TAMS 0x00000000a0a00000, 0x00000000a0900000| Untracked 
|  10|0x00000000a0a00000, 0x00000000a0b00000, 0x00000000a0b00000|100%| O|  |TAMS 0x00000000a0b00000, 0x00000000a0a00000| Untracked 
|  11|0x00000000a0b00000, 0x00000000a0c00000, 0x00000000a0c00000|100%| O|  |TAMS 0x00000000a0c00000, 0x00000000a0b00000| Untracked 
|  12|0x00000000a0c00000, 0x00000000a0d00000, 0x00000000a0d00000|100%| O|  |TAMS 0x00000000a0d00000, 0x00000000a0c00000| Untracked 
|  13|0x00000000a0d00000, 0x00000000a0e00000, 0x00000000a0e00000|100%| O|  |TAMS 0x00000000a0e00000, 0x00000000a0d00000| Untracked 
|  14|0x00000000a0e00000, 0x00000000a0f00000, 0x00000000a0f00000|100%| O|  |TAMS 0x00000000a0f00000, 0x00000000a0e00000| Untracked 
|  15|0x00000000a0f00000, 0x00000000a1000000, 0x00000000a1000000|100%|HS|  |TAMS 0x00000000a1000000, 0x00000000a0f00000| Complete 
|  16|0x00000000a1000000, 0x00000000a1100000, 0x00000000a1100000|100%| O|  |TAMS 0x00000000a1100000, 0x00000000a1000000| Untracked 
|  17|0x00000000a1100000, 0x00000000a1200000, 0x00000000a1200000|100%| O|  |TAMS 0x00000000a1200000, 0x00000000a1100000| Untracked 
|  18|0x00000000a1200000, 0x00000000a1300000, 0x00000000a1300000|100%| O|  |TAMS 0x00000000a1300000, 0x00000000a1200000| Untracked 
|  19|0x00000000a1300000, 0x00000000a1400000, 0x00000000a1400000|100%| O|  |TAMS 0x00000000a1400000, 0x00000000a1300000| Untracked 
|  20|0x00000000a1400000, 0x00000000a1500000, 0x00000000a1500000|100%| O|  |TAMS 0x00000000a1500000, 0x00000000a1400000| Untracked 
|  21|0x00000000a1500000, 0x00000000a1600000, 0x00000000a1600000|100%| O|  |TAMS 0x00000000a1600000, 0x00000000a1500000| Untracked 
|  22|0x00000000a1600000, 0x00000000a1700000, 0x00000000a1700000|100%| O|  |TAMS 0x00000000a1700000, 0x00000000a1600000| Untracked 
|  23|0x00000000a1700000, 0x00000000a1800000, 0x00000000a1800000|100%| O|  |TAMS 0x00000000a1800000, 0x00000000a1700000| Untracked 
|  24|0x00000000a1800000, 0x00000000a1900000, 0x00000000a1900000|100%| O|  |TAMS 0x00000000a1900000, 0x00000000a1800000| Untracked 
|  25|0x00000000a1900000, 0x00000000a1a00000, 0x00000000a1a00000|100%| O|  |TAMS 0x00000000a1a00000, 0x00000000a1900000| Untracked 
|  26|0x00000000a1a00000, 0x00000000a1b00000, 0x00000000a1b00000|100%| O|  |TAMS 0x00000000a1b00000, 0x00000000a1a00000| Untracked 
|  27|0x00000000a1b00000, 0x00000000a1c00000, 0x00000000a1c00000|100%| O|  |TAMS 0x00000000a1c00000, 0x00000000a1b00000| Untracked 
|  28|0x00000000a1c00000, 0x00000000a1d00000, 0x00000000a1d00000|100%|HS|  |TAMS 0x00000000a1d00000, 0x00000000a1c00000| Complete 
|  29|0x00000000a1d00000, 0x00000000a1e00000, 0x00000000a1e00000|100%|HS|  |TAMS 0x00000000a1e00000, 0x00000000a1d00000| Complete 
|  30|0x00000000a1e00000, 0x00000000a1f00000, 0x00000000a1f00000|100%|HS|  |TAMS 0x00000000a1f00000, 0x00000000a1e00000| Complete 
|  31|0x00000000a1f00000, 0x00000000a2000000, 0x00000000a2000000|100%|HC|  |TAMS 0x00000000a2000000, 0x00000000a1f00000| Complete 
|  32|0x00000000a2000000, 0x00000000a2100000, 0x00000000a2100000|100%|HC|  |TAMS 0x00000000a2100000, 0x00000000a2000000| Complete 
|  33|0x00000000a2100000, 0x00000000a2200000, 0x00000000a2200000|100%|HS|  |TAMS 0x00000000a2200000, 0x00000000a2100000| Complete 
|  34|0x00000000a2200000, 0x00000000a2300000, 0x00000000a2300000|100%|HC|  |TAMS 0x00000000a2300000, 0x00000000a2200000| Complete 
|  35|0x00000000a2300000, 0x00000000a2400000, 0x00000000a2400000|100%| O|  |TAMS 0x00000000a2400000, 0x00000000a2300000| Untracked 
|  36|0x00000000a2400000, 0x00000000a2500000, 0x00000000a2500000|100%| O|  |TAMS 0x00000000a2500000, 0x00000000a2400000| Untracked 
|  37|0x00000000a2500000, 0x00000000a2600000, 0x00000000a2600000|100%| O|  |TAMS 0x00000000a2600000, 0x00000000a2500000| Untracked 
|  38|0x00000000a2600000, 0x00000000a2700000, 0x00000000a2700000|100%| O|  |TAMS 0x00000000a2700000, 0x00000000a2600000| Untracked 
|  39|0x00000000a2700000, 0x00000000a2800000, 0x00000000a2800000|100%| O|  |TAMS 0x00000000a2800000, 0x00000000a2700000| Untracked 
|  40|0x00000000a2800000, 0x00000000a2900000, 0x00000000a2900000|100%| O|  |TAMS 0x00000000a2900000, 0x00000000a2800000| Untracked 
|  41|0x00000000a2900000, 0x00000000a2a00000, 0x00000000a2a00000|100%| O|  |TAMS 0x00000000a2a00000, 0x00000000a2900000| Untracked 
|  42|0x00000000a2a00000, 0x00000000a2b00000, 0x00000000a2b00000|100%| O|  |TAMS 0x00000000a2b00000, 0x00000000a2a00000| Untracked 
|  43|0x00000000a2b00000, 0x00000000a2c00000, 0x00000000a2c00000|100%| O|  |TAMS 0x00000000a2c00000, 0x00000000a2b00000| Untracked 
|  44|0x00000000a2c00000, 0x00000000a2d00000, 0x00000000a2d00000|100%| O|  |TAMS 0x00000000a2d00000, 0x00000000a2c00000| Untracked 
|  45|0x00000000a2d00000, 0x00000000a2e00000, 0x00000000a2e00000|100%| O|  |TAMS 0x00000000a2e00000, 0x00000000a2d00000| Untracked 
|  46|0x00000000a2e00000, 0x00000000a2f00000, 0x00000000a2f00000|100%| O|  |TAMS 0x00000000a2f00000, 0x00000000a2e00000| Untracked 
|  47|0x00000000a2f00000, 0x00000000a3000000, 0x00000000a3000000|100%| O|  |TAMS 0x00000000a3000000, 0x00000000a2f00000| Untracked 
|  48|0x00000000a3000000, 0x00000000a3100000, 0x00000000a3100000|100%|HS|  |TAMS 0x00000000a3100000, 0x00000000a3000000| Complete 
|  49|0x00000000a3100000, 0x00000000a3200000, 0x00000000a3200000|100%| O|  |TAMS 0x00000000a3200000, 0x00000000a3100000| Untracked 
|  50|0x00000000a3200000, 0x00000000a3300000, 0x00000000a3300000|100%| O|  |TAMS 0x00000000a3300000, 0x00000000a3200000| Untracked 
|  51|0x00000000a3300000, 0x00000000a3400000, 0x00000000a3400000|100%| O|  |TAMS 0x00000000a3400000, 0x00000000a3300000| Untracked 
|  52|0x00000000a3400000, 0x00000000a3500000, 0x00000000a3500000|100%| O|  |TAMS 0x00000000a3500000, 0x00000000a3400000| Untracked 
|  53|0x00000000a3500000, 0x00000000a3600000, 0x00000000a3600000|100%| O|  |TAMS 0x00000000a3600000, 0x00000000a3500000| Untracked 
|  54|0x00000000a3600000, 0x00000000a3700000, 0x00000000a3700000|100%|HS|  |TAMS 0x00000000a3700000, 0x00000000a3600000| Complete 
|  55|0x00000000a3700000, 0x00000000a3800000, 0x00000000a3800000|100%|HC|  |TAMS 0x00000000a3800000, 0x00000000a3700000| Complete 
|  56|0x00000000a3800000, 0x00000000a3900000, 0x00000000a3900000|100%| O|  |TAMS 0x00000000a3900000, 0x00000000a3800000| Untracked 
|  57|0x00000000a3900000, 0x00000000a3a00000, 0x00000000a3a00000|100%| O|  |TAMS 0x00000000a3a00000, 0x00000000a3900000| Untracked 
|  58|0x00000000a3a00000, 0x00000000a3b00000, 0x00000000a3b00000|100%| O|  |TAMS 0x00000000a3b00000, 0x00000000a3a00000| Untracked 
|  59|0x00000000a3b00000, 0x00000000a3c00000, 0x00000000a3c00000|100%| O|  |TAMS 0x00000000a3c00000, 0x00000000a3b00000| Untracked 
|  60|0x00000000a3c00000, 0x00000000a3d00000, 0x00000000a3d00000|100%| O|  |TAMS 0x00000000a3d00000, 0x00000000a3c00000| Untracked 
|  61|0x00000000a3d00000, 0x00000000a3e00000, 0x00000000a3e00000|100%| O|  |TAMS 0x00000000a3e00000, 0x00000000a3d00000| Untracked 
|  62|0x00000000a3e00000, 0x00000000a3f00000, 0x00000000a3f00000|100%| O|  |TAMS 0x00000000a3f00000, 0x00000000a3e00000| Untracked 
|  63|0x00000000a3f00000, 0x00000000a4000000, 0x00000000a4000000|100%| O|  |TAMS 0x00000000a4000000, 0x00000000a3f00000| Untracked 
|  64|0x00000000a4000000, 0x00000000a4100000, 0x00000000a4100000|100%| O|  |TAMS 0x00000000a4100000, 0x00000000a4000000| Untracked 
|  65|0x00000000a4100000, 0x00000000a4200000, 0x00000000a4200000|100%| O|  |TAMS 0x00000000a4200000, 0x00000000a4100000| Untracked 
|  66|0x00000000a4200000, 0x00000000a4300000, 0x00000000a4300000|100%| O|  |TAMS 0x00000000a4300000, 0x00000000a4200000| Untracked 
|  67|0x00000000a4300000, 0x00000000a4400000, 0x00000000a4400000|100%| O|  |TAMS 0x00000000a4400000, 0x00000000a4300000| Untracked 
|  68|0x00000000a4400000, 0x00000000a4500000, 0x00000000a4500000|100%| O|  |TAMS 0x00000000a4500000, 0x00000000a4400000| Untracked 
|  69|0x00000000a4500000, 0x00000000a4600000, 0x00000000a4600000|100%| O|  |TAMS 0x00000000a4600000, 0x00000000a4500000| Untracked 
|  70|0x00000000a4600000, 0x00000000a4700000, 0x00000000a4700000|100%| O|  |TAMS 0x00000000a4700000, 0x00000000a4600000| Untracked 
|  71|0x00000000a4700000, 0x00000000a4800000, 0x00000000a4800000|100%| O|  |TAMS 0x00000000a4800000, 0x00000000a4700000| Untracked 
|  72|0x00000000a4800000, 0x00000000a4900000, 0x00000000a4900000|100%| O|  |TAMS 0x00000000a4900000, 0x00000000a4800000| Untracked 
|  73|0x00000000a4900000, 0x00000000a4a00000, 0x00000000a4a00000|100%| O|  |TAMS 0x00000000a4a00000, 0x00000000a4900000| Untracked 
|  74|0x00000000a4a00000, 0x00000000a4b00000, 0x00000000a4b00000|100%| O|  |TAMS 0x00000000a4b00000, 0x00000000a4a00000| Untracked 
|  75|0x00000000a4b00000, 0x00000000a4c00000, 0x00000000a4c00000|100%| O|  |TAMS 0x00000000a4c00000, 0x00000000a4b00000| Untracked 
|  76|0x00000000a4c00000, 0x00000000a4d00000, 0x00000000a4d00000|100%| O|  |TAMS 0x00000000a4d00000, 0x00000000a4c00000| Untracked 
|  77|0x00000000a4d00000, 0x00000000a4e00000, 0x00000000a4e00000|100%| O|  |TAMS 0x00000000a4e00000, 0x00000000a4d00000| Untracked 
|  78|0x00000000a4e00000, 0x00000000a4f00000, 0x00000000a4f00000|100%| O|  |TAMS 0x00000000a4f00000, 0x00000000a4e00000| Untracked 
|  79|0x00000000a4f00000, 0x00000000a5000000, 0x00000000a5000000|100%|HS|  |TAMS 0x00000000a5000000, 0x00000000a4f00000| Complete 
|  80|0x00000000a5000000, 0x00000000a5100000, 0x00000000a5100000|100%| O|  |TAMS 0x00000000a5100000, 0x00000000a5000000| Untracked 
|  81|0x00000000a5100000, 0x00000000a5200000, 0x00000000a5200000|100%| O|  |TAMS 0x00000000a5200000, 0x00000000a5100000| Untracked 
|  82|0x00000000a5200000, 0x00000000a5300000, 0x00000000a5300000|100%| O|  |TAMS 0x00000000a5300000, 0x00000000a5200000| Untracked 
|  83|0x00000000a5300000, 0x00000000a5400000, 0x00000000a5400000|100%| O|  |TAMS 0x00000000a5400000, 0x00000000a5300000| Untracked 
|  84|0x00000000a5400000, 0x00000000a5500000, 0x00000000a5500000|100%| O|  |TAMS 0x00000000a5500000, 0x00000000a5400000| Untracked 
|  85|0x00000000a5500000, 0x00000000a5600000, 0x00000000a5600000|100%| O|  |TAMS 0x00000000a5600000, 0x00000000a5500000| Untracked 
|  86|0x00000000a5600000, 0x00000000a5700000, 0x00000000a5700000|100%| O|  |TAMS 0x00000000a5700000, 0x00000000a5600000| Untracked 
|  87|0x00000000a5700000, 0x00000000a5800000, 0x00000000a5800000|100%| O|  |TAMS 0x00000000a5800000, 0x00000000a5700000| Untracked 
|  88|0x00000000a5800000, 0x00000000a5900000, 0x00000000a5900000|100%| O|  |TAMS 0x00000000a5900000, 0x00000000a5800000| Untracked 
|  89|0x00000000a5900000, 0x00000000a5a00000, 0x00000000a5a00000|100%| O|  |TAMS 0x00000000a5a00000, 0x00000000a5900000| Untracked 
|  90|0x00000000a5a00000, 0x00000000a5b00000, 0x00000000a5b00000|100%| O|  |TAMS 0x00000000a5b00000, 0x00000000a5a00000| Untracked 
|  91|0x00000000a5b00000, 0x00000000a5c00000, 0x00000000a5c00000|100%| O|  |TAMS 0x00000000a5c00000, 0x00000000a5b00000| Untracked 
|  92|0x00000000a5c00000, 0x00000000a5d00000, 0x00000000a5d00000|100%| O|  |TAMS 0x00000000a5d00000, 0x00000000a5c00000| Untracked 
|  93|0x00000000a5d00000, 0x00000000a5e00000, 0x00000000a5e00000|100%| O|  |TAMS 0x00000000a5e00000, 0x00000000a5d00000| Untracked 
|  94|0x00000000a5e00000, 0x00000000a5f00000, 0x00000000a5f00000|100%| O|  |TAMS 0x00000000a5f00000, 0x00000000a5e00000| Untracked 
|  95|0x00000000a5f00000, 0x00000000a6000000, 0x00000000a6000000|100%| O|  |TAMS 0x00000000a6000000, 0x00000000a5f00000| Untracked 
|  96|0x00000000a6000000, 0x00000000a6100000, 0x00000000a6100000|100%| O|  |TAMS 0x00000000a6100000, 0x00000000a6000000| Untracked 
|  97|0x00000000a6100000, 0x00000000a6200000, 0x00000000a6200000|100%| O|  |TAMS 0x00000000a6200000, 0x00000000a6100000| Untracked 
|  98|0x00000000a6200000, 0x00000000a6300000, 0x00000000a6300000|100%| O|  |TAMS 0x00000000a6300000, 0x00000000a6200000| Untracked 
|  99|0x00000000a6300000, 0x00000000a6400000, 0x00000000a6400000|100%| O|  |TAMS 0x00000000a6400000, 0x00000000a6300000| Untracked 
| 100|0x00000000a6400000, 0x00000000a6500000, 0x00000000a6500000|100%| O|  |TAMS 0x00000000a6500000, 0x00000000a6400000| Untracked 
| 101|0x00000000a6500000, 0x00000000a6600000, 0x00000000a6600000|100%| O|  |TAMS 0x00000000a6600000, 0x00000000a6500000| Untracked 
| 102|0x00000000a6600000, 0x00000000a6700000, 0x00000000a6700000|100%| O|  |TAMS 0x00000000a6700000, 0x00000000a6600000| Untracked 
| 103|0x00000000a6700000, 0x00000000a6800000, 0x00000000a6800000|100%| O|  |TAMS 0x00000000a6800000, 0x00000000a6700000| Untracked 
| 104|0x00000000a6800000, 0x00000000a6900000, 0x00000000a6900000|100%| O|  |TAMS 0x00000000a6900000, 0x00000000a6800000| Untracked 
| 105|0x00000000a6900000, 0x00000000a6a00000, 0x00000000a6a00000|100%| O|  |TAMS 0x00000000a6a00000, 0x00000000a6900000| Untracked 
| 106|0x00000000a6a00000, 0x00000000a6b00000, 0x00000000a6b00000|100%| O|  |TAMS 0x00000000a6b00000, 0x00000000a6a00000| Untracked 
| 107|0x00000000a6b00000, 0x00000000a6c00000, 0x00000000a6c00000|100%| O|  |TAMS 0x00000000a6c00000, 0x00000000a6b00000| Untracked 
| 108|0x00000000a6c00000, 0x00000000a6d00000, 0x00000000a6d00000|100%| O|  |TAMS 0x00000000a6d00000, 0x00000000a6c00000| Untracked 
| 109|0x00000000a6d00000, 0x00000000a6e00000, 0x00000000a6e00000|100%| O|  |TAMS 0x00000000a6e00000, 0x00000000a6d00000| Untracked 
| 110|0x00000000a6e00000, 0x00000000a6f00000, 0x00000000a6f00000|100%| O|  |TAMS 0x00000000a6f00000, 0x00000000a6e00000| Untracked 
| 111|0x00000000a6f00000, 0x00000000a7000000, 0x00000000a7000000|100%| O|  |TAMS 0x00000000a7000000, 0x00000000a6f00000| Untracked 
| 112|0x00000000a7000000, 0x00000000a7100000, 0x00000000a7100000|100%| O|  |TAMS 0x00000000a7100000, 0x00000000a7000000| Untracked 
| 113|0x00000000a7100000, 0x00000000a7200000, 0x00000000a7200000|100%| O|  |TAMS 0x00000000a7200000, 0x00000000a7100000| Untracked 
| 114|0x00000000a7200000, 0x00000000a7300000, 0x00000000a7300000|100%| O|  |TAMS 0x00000000a7300000, 0x00000000a7200000| Untracked 
| 115|0x00000000a7300000, 0x00000000a7400000, 0x00000000a7400000|100%| O|  |TAMS 0x00000000a7400000, 0x00000000a7300000| Untracked 
| 116|0x00000000a7400000, 0x00000000a7500000, 0x00000000a7500000|100%| O|  |TAMS 0x00000000a7500000, 0x00000000a7400000| Untracked 
| 117|0x00000000a7500000, 0x00000000a7600000, 0x00000000a7600000|100%| O|  |TAMS 0x00000000a7600000, 0x00000000a7500000| Untracked 
| 118|0x00000000a7600000, 0x00000000a7700000, 0x00000000a7700000|100%| O|  |TAMS 0x00000000a7700000, 0x00000000a7600000| Untracked 
| 119|0x00000000a7700000, 0x00000000a7800000, 0x00000000a7800000|100%| O|  |TAMS 0x00000000a7800000, 0x00000000a7700000| Untracked 
| 120|0x00000000a7800000, 0x00000000a7900000, 0x00000000a7900000|100%| O|  |TAMS 0x00000000a7900000, 0x00000000a7800000| Untracked 
| 121|0x00000000a7900000, 0x00000000a7a00000, 0x00000000a7a00000|100%| O|  |TAMS 0x00000000a7a00000, 0x00000000a7900000| Untracked 
| 122|0x00000000a7a00000, 0x00000000a7b00000, 0x00000000a7b00000|100%| O|  |TAMS 0x00000000a7b00000, 0x00000000a7a00000| Untracked 
| 123|0x00000000a7b00000, 0x00000000a7c00000, 0x00000000a7c00000|100%| O|  |TAMS 0x00000000a7c00000, 0x00000000a7b00000| Untracked 
| 124|0x00000000a7c00000, 0x00000000a7d00000, 0x00000000a7d00000|100%| O|  |TAMS 0x00000000a7d00000, 0x00000000a7c00000| Untracked 
| 125|0x00000000a7d00000, 0x00000000a7e00000, 0x00000000a7e00000|100%| O|  |TAMS 0x00000000a7e00000, 0x00000000a7d00000| Untracked 
| 126|0x00000000a7e00000, 0x00000000a7f00000, 0x00000000a7f00000|100%| O|  |TAMS 0x00000000a7f00000, 0x00000000a7e00000| Untracked 
| 127|0x00000000a7f00000, 0x00000000a8000000, 0x00000000a8000000|100%| O|  |TAMS 0x00000000a8000000, 0x00000000a7f00000| Untracked 
| 128|0x00000000a8000000, 0x00000000a8100000, 0x00000000a8100000|100%| O|  |TAMS 0x00000000a8100000, 0x00000000a8000000| Untracked 
| 129|0x00000000a8100000, 0x00000000a8200000, 0x00000000a8200000|100%| O|  |TAMS 0x00000000a8200000, 0x00000000a8100000| Untracked 
| 130|0x00000000a8200000, 0x00000000a8300000, 0x00000000a8300000|100%| O|  |TAMS 0x00000000a8300000, 0x00000000a8200000| Untracked 
| 131|0x00000000a8300000, 0x00000000a8400000, 0x00000000a8400000|100%| O|  |TAMS 0x00000000a8400000, 0x00000000a8300000| Untracked 
| 132|0x00000000a8400000, 0x00000000a8500000, 0x00000000a8500000|100%| O|  |TAMS 0x00000000a8500000, 0x00000000a8400000| Untracked 
| 133|0x00000000a8500000, 0x00000000a8600000, 0x00000000a8600000|100%| O|  |TAMS 0x00000000a8600000, 0x00000000a8500000| Untracked 
| 134|0x00000000a8600000, 0x00000000a8700000, 0x00000000a8700000|100%| O|  |TAMS 0x00000000a8700000, 0x00000000a8600000| Untracked 
| 135|0x00000000a8700000, 0x00000000a8800000, 0x00000000a8800000|100%| O|  |TAMS 0x00000000a8800000, 0x00000000a8700000| Untracked 
| 136|0x00000000a8800000, 0x00000000a8900000, 0x00000000a8900000|100%| O|  |TAMS 0x00000000a8900000, 0x00000000a8800000| Untracked 
| 137|0x00000000a8900000, 0x00000000a8a00000, 0x00000000a8a00000|100%| O|  |TAMS 0x00000000a8a00000, 0x00000000a8900000| Untracked 
| 138|0x00000000a8a00000, 0x00000000a8b00000, 0x00000000a8b00000|100%| O|  |TAMS 0x00000000a8b00000, 0x00000000a8a00000| Untracked 
| 139|0x00000000a8b00000, 0x00000000a8c00000, 0x00000000a8c00000|100%| O|  |TAMS 0x00000000a8c00000, 0x00000000a8b00000| Untracked 
| 140|0x00000000a8c00000, 0x00000000a8d00000, 0x00000000a8d00000|100%| O|  |TAMS 0x00000000a8d00000, 0x00000000a8c00000| Untracked 
| 141|0x00000000a8d00000, 0x00000000a8e00000, 0x00000000a8e00000|100%| O|  |TAMS 0x00000000a8e00000, 0x00000000a8d00000| Untracked 
| 142|0x00000000a8e00000, 0x00000000a8f00000, 0x00000000a8f00000|100%| O|  |TAMS 0x00000000a8f00000, 0x00000000a8e00000| Untracked 
| 143|0x00000000a8f00000, 0x00000000a9000000, 0x00000000a9000000|100%| O|  |TAMS 0x00000000a9000000, 0x00000000a8f00000| Untracked 
| 144|0x00000000a9000000, 0x00000000a9100000, 0x00000000a9100000|100%| O|  |TAMS 0x00000000a9100000, 0x00000000a9000000| Untracked 
| 145|0x00000000a9100000, 0x00000000a9200000, 0x00000000a9200000|100%| O|  |TAMS 0x00000000a9200000, 0x00000000a9100000| Untracked 
| 146|0x00000000a9200000, 0x00000000a9300000, 0x00000000a9300000|100%| O|  |TAMS 0x00000000a9300000, 0x00000000a9200000| Untracked 
| 147|0x00000000a9300000, 0x00000000a9400000, 0x00000000a9400000|100%| O|  |TAMS 0x00000000a9400000, 0x00000000a9300000| Untracked 
| 148|0x00000000a9400000, 0x00000000a9500000, 0x00000000a9500000|100%| O|  |TAMS 0x00000000a9500000, 0x00000000a9400000| Untracked 
| 149|0x00000000a9500000, 0x00000000a9600000, 0x00000000a9600000|100%| O|  |TAMS 0x00000000a9600000, 0x00000000a9500000| Untracked 
| 150|0x00000000a9600000, 0x00000000a9700000, 0x00000000a9700000|100%| O|  |TAMS 0x00000000a9700000, 0x00000000a9600000| Untracked 
| 151|0x00000000a9700000, 0x00000000a9800000, 0x00000000a9800000|100%| O|  |TAMS 0x00000000a9800000, 0x00000000a9700000| Untracked 
| 152|0x00000000a9800000, 0x00000000a9900000, 0x00000000a9900000|100%| O|  |TAMS 0x00000000a9900000, 0x00000000a9800000| Untracked 
| 153|0x00000000a9900000, 0x00000000a9a00000, 0x00000000a9a00000|100%| O|  |TAMS 0x00000000a9a00000, 0x00000000a9900000| Untracked 
| 154|0x00000000a9a00000, 0x00000000a9b00000, 0x00000000a9b00000|100%| O|  |TAMS 0x00000000a9a80600, 0x00000000a9a00000| Untracked 
| 155|0x00000000a9b00000, 0x00000000a9c00000, 0x00000000a9c00000|100%| O|  |TAMS 0x00000000a9b00000, 0x00000000a9b00000| Untracked 
| 156|0x00000000a9c00000, 0x00000000a9d00000, 0x00000000a9d00000|100%| O|  |TAMS 0x00000000a9c00000, 0x00000000a9c00000| Untracked 
| 157|0x00000000a9d00000, 0x00000000a9e00000, 0x00000000a9e00000|100%| O|  |TAMS 0x00000000a9d00000, 0x00000000a9d00000| Untracked 
| 158|0x00000000a9e00000, 0x00000000a9f00000, 0x00000000a9f00000|100%| O|  |TAMS 0x00000000a9e00000, 0x00000000a9e00000| Untracked 
| 159|0x00000000a9f00000, 0x00000000aa000000, 0x00000000aa000000|100%| O|  |TAMS 0x00000000a9f00000, 0x00000000a9f00000| Untracked 
| 160|0x00000000aa000000, 0x00000000aa100000, 0x00000000aa100000|100%| O|  |TAMS 0x00000000aa000000, 0x00000000aa000000| Untracked 
| 161|0x00000000aa100000, 0x00000000aa200000, 0x00000000aa200000|100%| O|  |TAMS 0x00000000aa100000, 0x00000000aa100000| Untracked 
| 162|0x00000000aa200000, 0x00000000aa300000, 0x00000000aa300000|100%| O|  |TAMS 0x00000000aa200000, 0x00000000aa200000| Untracked 
| 163|0x00000000aa300000, 0x00000000aa400000, 0x00000000aa400000|100%| O|  |TAMS 0x00000000aa300000, 0x00000000aa300000| Untracked 
| 164|0x00000000aa400000, 0x00000000aa440000, 0x00000000aa500000| 25%| O|  |TAMS 0x00000000aa400000, 0x00000000aa400000| Untracked 
| 165|0x00000000aa500000, 0x00000000aa500000, 0x00000000aa600000|  0%| F|  |TAMS 0x00000000aa500000, 0x00000000aa500000| Untracked 
| 166|0x00000000aa600000, 0x00000000aa600000, 0x00000000aa700000|  0%| F|  |TAMS 0x00000000aa600000, 0x00000000aa600000| Untracked 
| 167|0x00000000aa700000, 0x00000000aa700000, 0x00000000aa800000|  0%| F|  |TAMS 0x00000000aa700000, 0x00000000aa700000| Untracked 
| 168|0x00000000aa800000, 0x00000000aa800000, 0x00000000aa900000|  0%| F|  |TAMS 0x00000000aa800000, 0x00000000aa800000| Untracked 
| 169|0x00000000aa900000, 0x00000000aa900000, 0x00000000aaa00000|  0%| F|  |TAMS 0x00000000aa900000, 0x00000000aa900000| Untracked 
| 170|0x00000000aaa00000, 0x00000000aaa00000, 0x00000000aab00000|  0%| F|  |TAMS 0x00000000aaa00000, 0x00000000aaa00000| Untracked 
| 171|0x00000000aab00000, 0x00000000aab00000, 0x00000000aac00000|  0%| F|  |TAMS 0x00000000aab00000, 0x00000000aab00000| Untracked 
| 172|0x00000000aac00000, 0x00000000aac00000, 0x00000000aad00000|  0%| F|  |TAMS 0x00000000aac00000, 0x00000000aac00000| Untracked 
| 173|0x00000000aad00000, 0x00000000aad00000, 0x00000000aae00000|  0%| F|  |TAMS 0x00000000aad00000, 0x00000000aad00000| Untracked 
| 174|0x00000000aae00000, 0x00000000aae00000, 0x00000000aaf00000|  0%| F|  |TAMS 0x00000000aae00000, 0x00000000aae00000| Untracked 
| 175|0x00000000aaf00000, 0x00000000aaf00000, 0x00000000ab000000|  0%| F|  |TAMS 0x00000000aaf00000, 0x00000000aaf00000| Untracked 
| 176|0x00000000ab000000, 0x00000000ab000000, 0x00000000ab100000|  0%| F|  |TAMS 0x00000000ab000000, 0x00000000ab000000| Untracked 
| 177|0x00000000ab100000, 0x00000000ab100000, 0x00000000ab200000|  0%| F|  |TAMS 0x00000000ab100000, 0x00000000ab100000| Untracked 
| 178|0x00000000ab200000, 0x00000000ab200000, 0x00000000ab300000|  0%| F|  |TAMS 0x00000000ab200000, 0x00000000ab200000| Untracked 
| 179|0x00000000ab300000, 0x00000000ab300000, 0x00000000ab400000|  0%| F|  |TAMS 0x00000000ab300000, 0x00000000ab300000| Untracked 
| 180|0x00000000ab400000, 0x00000000ab400000, 0x00000000ab500000|  0%| F|  |TAMS 0x00000000ab400000, 0x00000000ab400000| Untracked 
| 181|0x00000000ab500000, 0x00000000ab500000, 0x00000000ab600000|  0%| F|  |TAMS 0x00000000ab500000, 0x00000000ab500000| Untracked 
| 182|0x00000000ab600000, 0x00000000ab600000, 0x00000000ab700000|  0%| F|  |TAMS 0x00000000ab600000, 0x00000000ab600000| Untracked 
| 183|0x00000000ab700000, 0x00000000ab700000, 0x00000000ab800000|  0%| F|  |TAMS 0x00000000ab700000, 0x00000000ab700000| Untracked 
| 184|0x00000000ab800000, 0x00000000ab800000, 0x00000000ab900000|  0%| F|  |TAMS 0x00000000ab800000, 0x00000000ab800000| Untracked 
| 185|0x00000000ab900000, 0x00000000ab900000, 0x00000000aba00000|  0%| F|  |TAMS 0x00000000ab900000, 0x00000000ab900000| Untracked 
| 186|0x00000000aba00000, 0x00000000aba00000, 0x00000000abb00000|  0%| F|  |TAMS 0x00000000aba00000, 0x00000000aba00000| Untracked 
| 187|0x00000000abb00000, 0x00000000abb00000, 0x00000000abc00000|  0%| F|  |TAMS 0x00000000abb00000, 0x00000000abb00000| Untracked 
| 188|0x00000000abc00000, 0x00000000abc00000, 0x00000000abd00000|  0%| F|  |TAMS 0x00000000abc00000, 0x00000000abc00000| Untracked 
| 189|0x00000000abd00000, 0x00000000abd00000, 0x00000000abe00000|  0%| F|  |TAMS 0x00000000abd00000, 0x00000000abd00000| Untracked 
| 190|0x00000000abe00000, 0x00000000abe00000, 0x00000000abf00000|  0%| F|  |TAMS 0x00000000abe00000, 0x00000000abe00000| Untracked 
| 191|0x00000000abf00000, 0x00000000abf00000, 0x00000000ac000000|  0%| F|  |TAMS 0x00000000abf00000, 0x00000000abf00000| Untracked 
| 192|0x00000000ac000000, 0x00000000ac000000, 0x00000000ac100000|  0%| F|  |TAMS 0x00000000ac000000, 0x00000000ac000000| Untracked 
| 193|0x00000000ac100000, 0x00000000ac100000, 0x00000000ac200000|  0%| F|  |TAMS 0x00000000ac100000, 0x00000000ac100000| Untracked 
| 194|0x00000000ac200000, 0x00000000ac200000, 0x00000000ac300000|  0%| F|  |TAMS 0x00000000ac200000, 0x00000000ac200000| Untracked 
| 195|0x00000000ac300000, 0x00000000ac300000, 0x00000000ac400000|  0%| F|  |TAMS 0x00000000ac300000, 0x00000000ac300000| Untracked 
| 196|0x00000000ac400000, 0x00000000ac400000, 0x00000000ac500000|  0%| F|  |TAMS 0x00000000ac400000, 0x00000000ac400000| Untracked 
| 197|0x00000000ac500000, 0x00000000ac500000, 0x00000000ac600000|  0%| F|  |TAMS 0x00000000ac500000, 0x00000000ac500000| Untracked 
| 198|0x00000000ac600000, 0x00000000ac600000, 0x00000000ac700000|  0%| F|  |TAMS 0x00000000ac600000, 0x00000000ac600000| Untracked 
| 199|0x00000000ac700000, 0x00000000ac700000, 0x00000000ac800000|  0%| F|  |TAMS 0x00000000ac700000, 0x00000000ac700000| Untracked 
| 200|0x00000000ac800000, 0x00000000ac800000, 0x00000000ac900000|  0%| F|  |TAMS 0x00000000ac800000, 0x00000000ac800000| Untracked 
| 201|0x00000000ac900000, 0x00000000ac900000, 0x00000000aca00000|  0%| F|  |TAMS 0x00000000ac900000, 0x00000000ac900000| Untracked 
| 202|0x00000000aca00000, 0x00000000aca00000, 0x00000000acb00000|  0%| F|  |TAMS 0x00000000aca00000, 0x00000000aca00000| Untracked 
| 203|0x00000000acb00000, 0x00000000acb00000, 0x00000000acc00000|  0%| F|  |TAMS 0x00000000acb00000, 0x00000000acb00000| Untracked 
| 204|0x00000000acc00000, 0x00000000acc00000, 0x00000000acd00000|  0%| F|  |TAMS 0x00000000acc00000, 0x00000000acc00000| Untracked 
| 205|0x00000000acd00000, 0x00000000acd00000, 0x00000000ace00000|  0%| F|  |TAMS 0x00000000acd00000, 0x00000000acd00000| Untracked 
| 206|0x00000000ace00000, 0x00000000ace00000, 0x00000000acf00000|  0%| F|  |TAMS 0x00000000ace00000, 0x00000000ace00000| Untracked 
| 207|0x00000000acf00000, 0x00000000acf00000, 0x00000000ad000000|  0%| F|  |TAMS 0x00000000acf00000, 0x00000000acf00000| Untracked 
| 208|0x00000000ad000000, 0x00000000ad000000, 0x00000000ad100000|  0%| F|  |TAMS 0x00000000ad000000, 0x00000000ad000000| Untracked 
| 209|0x00000000ad100000, 0x00000000ad100000, 0x00000000ad200000|  0%| F|  |TAMS 0x00000000ad100000, 0x00000000ad100000| Untracked 
| 210|0x00000000ad200000, 0x00000000ad200000, 0x00000000ad300000|  0%| F|  |TAMS 0x00000000ad200000, 0x00000000ad200000| Untracked 
| 211|0x00000000ad300000, 0x00000000ad300000, 0x00000000ad400000|  0%| F|  |TAMS 0x00000000ad300000, 0x00000000ad300000| Untracked 
| 212|0x00000000ad400000, 0x00000000ad400000, 0x00000000ad500000|  0%| F|  |TAMS 0x00000000ad400000, 0x00000000ad400000| Untracked 
| 213|0x00000000ad500000, 0x00000000ad500000, 0x00000000ad600000|  0%| F|  |TAMS 0x00000000ad500000, 0x00000000ad500000| Untracked 
| 214|0x00000000ad600000, 0x00000000ad600000, 0x00000000ad700000|  0%| F|  |TAMS 0x00000000ad600000, 0x00000000ad600000| Untracked 
| 215|0x00000000ad700000, 0x00000000ad700000, 0x00000000ad800000|  0%| F|  |TAMS 0x00000000ad700000, 0x00000000ad700000| Untracked 
| 216|0x00000000ad800000, 0x00000000ad800000, 0x00000000ad900000|  0%| F|  |TAMS 0x00000000ad800000, 0x00000000ad800000| Untracked 
| 217|0x00000000ad900000, 0x00000000ad900000, 0x00000000ada00000|  0%| F|  |TAMS 0x00000000ad900000, 0x00000000ad900000| Untracked 
| 218|0x00000000ada00000, 0x00000000ada00000, 0x00000000adb00000|  0%| F|  |TAMS 0x00000000ada00000, 0x00000000ada00000| Untracked 
| 219|0x00000000adb00000, 0x00000000adb00000, 0x00000000adc00000|  0%| F|  |TAMS 0x00000000adb00000, 0x00000000adb00000| Untracked 
| 220|0x00000000adc00000, 0x00000000add00000, 0x00000000add00000|100%| S|CS|TAMS 0x00000000adc00000, 0x00000000adc00000| Complete 
| 221|0x00000000add00000, 0x00000000ade00000, 0x00000000ade00000|100%| S|CS|TAMS 0x00000000add00000, 0x00000000add00000| Complete 
| 222|0x00000000ade00000, 0x00000000adf00000, 0x00000000adf00000|100%| S|CS|TAMS 0x00000000ade00000, 0x00000000ade00000| Complete 
| 223|0x00000000adf00000, 0x00000000ae000000, 0x00000000ae000000|100%| S|CS|TAMS 0x00000000adf00000, 0x00000000adf00000| Complete 
| 224|0x00000000ae000000, 0x00000000ae100000, 0x00000000ae100000|100%| S|CS|TAMS 0x00000000ae000000, 0x00000000ae000000| Complete 
| 225|0x00000000ae100000, 0x00000000ae200000, 0x00000000ae200000|100%| S|CS|TAMS 0x00000000ae100000, 0x00000000ae100000| Complete 
| 226|0x00000000ae200000, 0x00000000ae300000, 0x00000000ae300000|100%| S|CS|TAMS 0x00000000ae200000, 0x00000000ae200000| Complete 
| 227|0x00000000ae300000, 0x00000000ae400000, 0x00000000ae400000|100%| S|CS|TAMS 0x00000000ae300000, 0x00000000ae300000| Complete 
| 228|0x00000000ae400000, 0x00000000ae500000, 0x00000000ae500000|100%| S|CS|TAMS 0x00000000ae400000, 0x00000000ae400000| Complete 
| 229|0x00000000ae500000, 0x00000000ae600000, 0x00000000ae600000|100%| S|CS|TAMS 0x00000000ae500000, 0x00000000ae500000| Complete 
| 230|0x00000000ae600000, 0x00000000ae700000, 0x00000000ae700000|100%| S|CS|TAMS 0x00000000ae600000, 0x00000000ae600000| Complete 
| 231|0x00000000ae700000, 0x00000000ae800000, 0x00000000ae800000|100%| S|CS|TAMS 0x00000000ae700000, 0x00000000ae700000| Complete 
| 232|0x00000000ae800000, 0x00000000ae900000, 0x00000000ae900000|100%| S|CS|TAMS 0x00000000ae800000, 0x00000000ae800000| Complete 
| 233|0x00000000ae900000, 0x00000000aea00000, 0x00000000aea00000|100%| S|CS|TAMS 0x00000000ae900000, 0x00000000ae900000| Complete 
| 234|0x00000000aea00000, 0x00000000aeb00000, 0x00000000aeb00000|100%| S|CS|TAMS 0x00000000aea00000, 0x00000000aea00000| Complete 
| 235|0x00000000aeb00000, 0x00000000aeb00000, 0x00000000aec00000|  0%| F|  |TAMS 0x00000000aeb00000, 0x00000000aeb00000| Untracked 
| 236|0x00000000aec00000, 0x00000000aec00000, 0x00000000aed00000|  0%| F|  |TAMS 0x00000000aec00000, 0x00000000aec00000| Untracked 
| 237|0x00000000aed00000, 0x00000000aed00000, 0x00000000aee00000|  0%| F|  |TAMS 0x00000000aed00000, 0x00000000aed00000| Untracked 
| 238|0x00000000aee00000, 0x00000000aee00000, 0x00000000aef00000|  0%| F|  |TAMS 0x00000000aee00000, 0x00000000aee00000| Untracked 
| 239|0x00000000aef00000, 0x00000000aef00000, 0x00000000af000000|  0%| F|  |TAMS 0x00000000aef00000, 0x00000000aef00000| Untracked 
| 240|0x00000000af000000, 0x00000000af000000, 0x00000000af100000|  0%| F|  |TAMS 0x00000000af000000, 0x00000000af000000| Untracked 
| 241|0x00000000af100000, 0x00000000af100000, 0x00000000af200000|  0%| F|  |TAMS 0x00000000af100000, 0x00000000af100000| Untracked 
| 242|0x00000000af200000, 0x00000000af200000, 0x00000000af300000|  0%| F|  |TAMS 0x00000000af200000, 0x00000000af200000| Untracked 
| 243|0x00000000af300000, 0x00000000af300000, 0x00000000af400000|  0%| F|  |TAMS 0x00000000af300000, 0x00000000af300000| Untracked 
| 244|0x00000000af400000, 0x00000000af400000, 0x00000000af500000|  0%| F|  |TAMS 0x00000000af400000, 0x00000000af400000| Untracked 
| 245|0x00000000af500000, 0x00000000af500000, 0x00000000af600000|  0%| F|  |TAMS 0x00000000af500000, 0x00000000af500000| Untracked 
| 246|0x00000000af600000, 0x00000000af600000, 0x00000000af700000|  0%| F|  |TAMS 0x00000000af600000, 0x00000000af600000| Untracked 
| 247|0x00000000af700000, 0x00000000af700000, 0x00000000af800000|  0%| F|  |TAMS 0x00000000af700000, 0x00000000af700000| Untracked 
| 248|0x00000000af800000, 0x00000000af800000, 0x00000000af900000|  0%| F|  |TAMS 0x00000000af800000, 0x00000000af800000| Untracked 
| 249|0x00000000af900000, 0x00000000af900000, 0x00000000afa00000|  0%| F|  |TAMS 0x00000000af900000, 0x00000000af900000| Untracked 
| 250|0x00000000afa00000, 0x00000000afa00000, 0x00000000afb00000|  0%| F|  |TAMS 0x00000000afa00000, 0x00000000afa00000| Untracked 
| 251|0x00000000afb00000, 0x00000000afb00000, 0x00000000afc00000|  0%| F|  |TAMS 0x00000000afb00000, 0x00000000afb00000| Untracked 
| 252|0x00000000afc00000, 0x00000000afc00000, 0x00000000afd00000|  0%| F|  |TAMS 0x00000000afc00000, 0x00000000afc00000| Untracked 
| 253|0x00000000afd00000, 0x00000000afd00000, 0x00000000afe00000|  0%| F|  |TAMS 0x00000000afd00000, 0x00000000afd00000| Untracked 
| 254|0x00000000afe00000, 0x00000000afe00000, 0x00000000aff00000|  0%| F|  |TAMS 0x00000000afe00000, 0x00000000afe00000| Untracked 
| 255|0x00000000aff00000, 0x00000000aff00000, 0x00000000b0000000|  0%| F|  |TAMS 0x00000000aff00000, 0x00000000aff00000| Untracked 
| 256|0x00000000b0000000, 0x00000000b0000000, 0x00000000b0100000|  0%| F|  |TAMS 0x00000000b0000000, 0x00000000b0000000| Untracked 
| 257|0x00000000b0100000, 0x00000000b0100000, 0x00000000b0200000|  0%| F|  |TAMS 0x00000000b0100000, 0x00000000b0100000| Untracked 
| 258|0x00000000b0200000, 0x00000000b0200000, 0x00000000b0300000|  0%| F|  |TAMS 0x00000000b0200000, 0x00000000b0200000| Untracked 
| 259|0x00000000b0300000, 0x00000000b0300000, 0x00000000b0400000|  0%| F|  |TAMS 0x00000000b0300000, 0x00000000b0300000| Untracked 
| 260|0x00000000b0400000, 0x00000000b0400000, 0x00000000b0500000|  0%| F|  |TAMS 0x00000000b0400000, 0x00000000b0400000| Untracked 
| 261|0x00000000b0500000, 0x00000000b0500000, 0x00000000b0600000|  0%| F|  |TAMS 0x00000000b0500000, 0x00000000b0500000| Untracked 
| 262|0x00000000b0600000, 0x00000000b0600000, 0x00000000b0700000|  0%| F|  |TAMS 0x00000000b0600000, 0x00000000b0600000| Untracked 
| 263|0x00000000b0700000, 0x00000000b0700000, 0x00000000b0800000|  0%| F|  |TAMS 0x00000000b0700000, 0x00000000b0700000| Untracked 
| 264|0x00000000b0800000, 0x00000000b0800000, 0x00000000b0900000|  0%| F|  |TAMS 0x00000000b0800000, 0x00000000b0800000| Untracked 
| 265|0x00000000b0900000, 0x00000000b0900000, 0x00000000b0a00000|  0%| F|  |TAMS 0x00000000b0900000, 0x00000000b0900000| Untracked 
| 266|0x00000000b0a00000, 0x00000000b0a00000, 0x00000000b0b00000|  0%| F|  |TAMS 0x00000000b0a00000, 0x00000000b0a00000| Untracked 
| 267|0x00000000b0b00000, 0x00000000b0b00000, 0x00000000b0c00000|  0%| F|  |TAMS 0x00000000b0b00000, 0x00000000b0b00000| Untracked 
| 268|0x00000000b0c00000, 0x00000000b0c00000, 0x00000000b0d00000|  0%| F|  |TAMS 0x00000000b0c00000, 0x00000000b0c00000| Untracked 
| 269|0x00000000b0d00000, 0x00000000b0d00000, 0x00000000b0e00000|  0%| F|  |TAMS 0x00000000b0d00000, 0x00000000b0d00000| Untracked 
| 270|0x00000000b0e00000, 0x00000000b0e00000, 0x00000000b0f00000|  0%| F|  |TAMS 0x00000000b0e00000, 0x00000000b0e00000| Untracked 
| 271|0x00000000b0f00000, 0x00000000b0f00000, 0x00000000b1000000|  0%| F|  |TAMS 0x00000000b0f00000, 0x00000000b0f00000| Untracked 
| 272|0x00000000b1000000, 0x00000000b1000000, 0x00000000b1100000|  0%| F|  |TAMS 0x00000000b1000000, 0x00000000b1000000| Untracked 
| 273|0x00000000b1100000, 0x00000000b1100000, 0x00000000b1200000|  0%| F|  |TAMS 0x00000000b1100000, 0x00000000b1100000| Untracked 
| 274|0x00000000b1200000, 0x00000000b1200000, 0x00000000b1300000|  0%| F|  |TAMS 0x00000000b1200000, 0x00000000b1200000| Untracked 
| 275|0x00000000b1300000, 0x00000000b1300000, 0x00000000b1400000|  0%| F|  |TAMS 0x00000000b1300000, 0x00000000b1300000| Untracked 
| 276|0x00000000b1400000, 0x00000000b1400000, 0x00000000b1500000|  0%| F|  |TAMS 0x00000000b1400000, 0x00000000b1400000| Untracked 
| 277|0x00000000b1500000, 0x00000000b157aba0, 0x00000000b1600000| 47%| E|  |TAMS 0x00000000b1500000, 0x00000000b1500000| Complete 
| 278|0x00000000b1600000, 0x00000000b1700000, 0x00000000b1700000|100%| E|CS|TAMS 0x00000000b1600000, 0x00000000b1600000| Complete 
| 279|0x00000000b1700000, 0x00000000b1800000, 0x00000000b1800000|100%| E|CS|TAMS 0x00000000b1700000, 0x00000000b1700000| Complete 
| 280|0x00000000b1800000, 0x00000000b1900000, 0x00000000b1900000|100%| E|CS|TAMS 0x00000000b1800000, 0x00000000b1800000| Complete 
| 281|0x00000000b1900000, 0x00000000b1a00000, 0x00000000b1a00000|100%| E|CS|TAMS 0x00000000b1900000, 0x00000000b1900000| Complete 
| 282|0x00000000b1a00000, 0x00000000b1b00000, 0x00000000b1b00000|100%| E|CS|TAMS 0x00000000b1a00000, 0x00000000b1a00000| Complete 
| 283|0x00000000b1b00000, 0x00000000b1c00000, 0x00000000b1c00000|100%| E|CS|TAMS 0x00000000b1b00000, 0x00000000b1b00000| Complete 
| 284|0x00000000b1c00000, 0x00000000b1d00000, 0x00000000b1d00000|100%| E|CS|TAMS 0x00000000b1c00000, 0x00000000b1c00000| Complete 
| 285|0x00000000b1d00000, 0x00000000b1e00000, 0x00000000b1e00000|100%| E|CS|TAMS 0x00000000b1d00000, 0x00000000b1d00000| Complete 
| 286|0x00000000b1e00000, 0x00000000b1f00000, 0x00000000b1f00000|100%| E|CS|TAMS 0x00000000b1e00000, 0x00000000b1e00000| Complete 
| 287|0x00000000b1f00000, 0x00000000b2000000, 0x00000000b2000000|100%| E|CS|TAMS 0x00000000b1f00000, 0x00000000b1f00000| Complete 
| 288|0x00000000b2000000, 0x00000000b2100000, 0x00000000b2100000|100%| E|CS|TAMS 0x00000000b2000000, 0x00000000b2000000| Complete 
| 289|0x00000000b2100000, 0x00000000b2200000, 0x00000000b2200000|100%| E|CS|TAMS 0x00000000b2100000, 0x00000000b2100000| Complete 
| 290|0x00000000b2200000, 0x00000000b2300000, 0x00000000b2300000|100%| E|CS|TAMS 0x00000000b2200000, 0x00000000b2200000| Complete 
| 291|0x00000000b2300000, 0x00000000b2400000, 0x00000000b2400000|100%| E|CS|TAMS 0x00000000b2300000, 0x00000000b2300000| Complete 
| 292|0x00000000b2400000, 0x00000000b2500000, 0x00000000b2500000|100%| E|CS|TAMS 0x00000000b2400000, 0x00000000b2400000| Complete 
| 293|0x00000000b2500000, 0x00000000b2600000, 0x00000000b2600000|100%| E|CS|TAMS 0x00000000b2500000, 0x00000000b2500000| Complete 
| 294|0x00000000b2600000, 0x00000000b2700000, 0x00000000b2700000|100%| E|CS|TAMS 0x00000000b2600000, 0x00000000b2600000| Complete 
| 295|0x00000000b2700000, 0x00000000b2800000, 0x00000000b2800000|100%| E|CS|TAMS 0x00000000b2700000, 0x00000000b2700000| Complete 
| 296|0x00000000b2800000, 0x00000000b2900000, 0x00000000b2900000|100%| E|CS|TAMS 0x00000000b2800000, 0x00000000b2800000| Complete 
| 297|0x00000000b2900000, 0x00000000b2a00000, 0x00000000b2a00000|100%| E|CS|TAMS 0x00000000b2900000, 0x00000000b2900000| Complete 
| 298|0x00000000b2a00000, 0x00000000b2b00000, 0x00000000b2b00000|100%| E|CS|TAMS 0x00000000b2a00000, 0x00000000b2a00000| Complete 
| 299|0x00000000b2b00000, 0x00000000b2c00000, 0x00000000b2c00000|100%| E|CS|TAMS 0x00000000b2b00000, 0x00000000b2b00000| Complete 
| 300|0x00000000b2c00000, 0x00000000b2d00000, 0x00000000b2d00000|100%| E|CS|TAMS 0x00000000b2c00000, 0x00000000b2c00000| Complete 
| 301|0x00000000b2d00000, 0x00000000b2e00000, 0x00000000b2e00000|100%| E|CS|TAMS 0x00000000b2d00000, 0x00000000b2d00000| Complete 
| 302|0x00000000b2e00000, 0x00000000b2f00000, 0x00000000b2f00000|100%| E|CS|TAMS 0x00000000b2e00000, 0x00000000b2e00000| Complete 
| 303|0x00000000b2f00000, 0x00000000b3000000, 0x00000000b3000000|100%| E|CS|TAMS 0x00000000b2f00000, 0x00000000b2f00000| Complete 
| 304|0x00000000b3000000, 0x00000000b3100000, 0x00000000b3100000|100%| E|CS|TAMS 0x00000000b3000000, 0x00000000b3000000| Complete 
| 305|0x00000000b3100000, 0x00000000b3200000, 0x00000000b3200000|100%| E|CS|TAMS 0x00000000b3100000, 0x00000000b3100000| Complete 
| 306|0x00000000b3200000, 0x00000000b3300000, 0x00000000b3300000|100%| E|CS|TAMS 0x00000000b3200000, 0x00000000b3200000| Complete 
| 307|0x00000000b3300000, 0x00000000b3400000, 0x00000000b3400000|100%| E|CS|TAMS 0x00000000b3300000, 0x00000000b3300000| Complete 
| 308|0x00000000b3400000, 0x00000000b3500000, 0x00000000b3500000|100%| E|CS|TAMS 0x00000000b3400000, 0x00000000b3400000| Complete 
| 309|0x00000000b3500000, 0x00000000b3600000, 0x00000000b3600000|100%| E|CS|TAMS 0x00000000b3500000, 0x00000000b3500000| Complete 
| 310|0x00000000b3600000, 0x00000000b3700000, 0x00000000b3700000|100%| E|CS|TAMS 0x00000000b3600000, 0x00000000b3600000| Complete 
| 311|0x00000000b3700000, 0x00000000b3800000, 0x00000000b3800000|100%| E|CS|TAMS 0x00000000b3700000, 0x00000000b3700000| Complete 
| 312|0x00000000b3800000, 0x00000000b3900000, 0x00000000b3900000|100%| E|CS|TAMS 0x00000000b3800000, 0x00000000b3800000| Complete 
| 313|0x00000000b3900000, 0x00000000b3a00000, 0x00000000b3a00000|100%| E|CS|TAMS 0x00000000b3900000, 0x00000000b3900000| Complete 
| 314|0x00000000b3a00000, 0x00000000b3b00000, 0x00000000b3b00000|100%| E|CS|TAMS 0x00000000b3a00000, 0x00000000b3a00000| Complete 
| 315|0x00000000b3b00000, 0x00000000b3c00000, 0x00000000b3c00000|100%| E|CS|TAMS 0x00000000b3b00000, 0x00000000b3b00000| Complete 
| 316|0x00000000b3c00000, 0x00000000b3d00000, 0x00000000b3d00000|100%| E|  |TAMS 0x00000000b3c00000, 0x00000000b3c00000| Complete 
| 317|0x00000000b3d00000, 0x00000000b3e00000, 0x00000000b3e00000|100%| E|CS|TAMS 0x00000000b3d00000, 0x00000000b3d00000| Complete 
| 318|0x00000000b3e00000, 0x00000000b3f00000, 0x00000000b3f00000|100%| E|CS|TAMS 0x00000000b3e00000, 0x00000000b3e00000| Complete 
| 319|0x00000000b3f00000, 0x00000000b4000000, 0x00000000b4000000|100%| E|CS|TAMS 0x00000000b3f00000, 0x00000000b3f00000| Complete 
| 320|0x00000000b4000000, 0x00000000b4100000, 0x00000000b4100000|100%| E|CS|TAMS 0x00000000b4000000, 0x00000000b4000000| Complete 
| 321|0x00000000b4100000, 0x00000000b4200000, 0x00000000b4200000|100%| E|CS|TAMS 0x00000000b4100000, 0x00000000b4100000| Complete 
| 322|0x00000000b4200000, 0x00000000b4300000, 0x00000000b4300000|100%| E|CS|TAMS 0x00000000b4200000, 0x00000000b4200000| Complete 
| 323|0x00000000b4300000, 0x00000000b4400000, 0x00000000b4400000|100%| E|CS|TAMS 0x00000000b4300000, 0x00000000b4300000| Complete 
| 324|0x00000000b4400000, 0x00000000b4500000, 0x00000000b4500000|100%| E|CS|TAMS 0x00000000b4400000, 0x00000000b4400000| Complete 
| 325|0x00000000b4500000, 0x00000000b4600000, 0x00000000b4600000|100%| E|CS|TAMS 0x00000000b4500000, 0x00000000b4500000| Complete 
| 326|0x00000000b4600000, 0x00000000b4700000, 0x00000000b4700000|100%| E|CS|TAMS 0x00000000b4600000, 0x00000000b4600000| Complete 
| 327|0x00000000b4700000, 0x00000000b4800000, 0x00000000b4800000|100%| E|CS|TAMS 0x00000000b4700000, 0x00000000b4700000| Complete 
| 328|0x00000000b4800000, 0x00000000b4900000, 0x00000000b4900000|100%| E|CS|TAMS 0x00000000b4800000, 0x00000000b4800000| Complete 
| 329|0x00000000b4900000, 0x00000000b4a00000, 0x00000000b4a00000|100%| E|CS|TAMS 0x00000000b4900000, 0x00000000b4900000| Complete 
| 330|0x00000000b4a00000, 0x00000000b4b00000, 0x00000000b4b00000|100%| E|CS|TAMS 0x00000000b4a00000, 0x00000000b4a00000| Complete 
| 331|0x00000000b4b00000, 0x00000000b4c00000, 0x00000000b4c00000|100%| E|CS|TAMS 0x00000000b4b00000, 0x00000000b4b00000| Complete 
| 332|0x00000000b4c00000, 0x00000000b4d00000, 0x00000000b4d00000|100%| E|CS|TAMS 0x00000000b4c00000, 0x00000000b4c00000| Complete 
| 333|0x00000000b4d00000, 0x00000000b4e00000, 0x00000000b4e00000|100%| E|CS|TAMS 0x00000000b4d00000, 0x00000000b4d00000| Complete 
| 334|0x00000000b4e00000, 0x00000000b4f00000, 0x00000000b4f00000|100%| E|CS|TAMS 0x00000000b4e00000, 0x00000000b4e00000| Complete 
| 335|0x00000000b4f00000, 0x00000000b5000000, 0x00000000b5000000|100%| E|CS|TAMS 0x00000000b4f00000, 0x00000000b4f00000| Complete 
| 336|0x00000000b5000000, 0x00000000b5100000, 0x00000000b5100000|100%| E|CS|TAMS 0x00000000b5000000, 0x00000000b5000000| Complete 
| 337|0x00000000b5100000, 0x00000000b5200000, 0x00000000b5200000|100%| E|CS|TAMS 0x00000000b5100000, 0x00000000b5100000| Complete 
| 338|0x00000000b5200000, 0x00000000b5300000, 0x00000000b5300000|100%| E|CS|TAMS 0x00000000b5200000, 0x00000000b5200000| Complete 
| 339|0x00000000b5300000, 0x00000000b5400000, 0x00000000b5400000|100%| E|CS|TAMS 0x00000000b5300000, 0x00000000b5300000| Complete 
| 340|0x00000000b5400000, 0x00000000b5500000, 0x00000000b5500000|100%| E|CS|TAMS 0x00000000b5400000, 0x00000000b5400000| Complete 
| 341|0x00000000b5500000, 0x00000000b5600000, 0x00000000b5600000|100%| E|CS|TAMS 0x00000000b5500000, 0x00000000b5500000| Complete 
| 342|0x00000000b5600000, 0x00000000b5700000, 0x00000000b5700000|100%| E|CS|TAMS 0x00000000b5600000, 0x00000000b5600000| Complete 
| 343|0x00000000b5700000, 0x00000000b5800000, 0x00000000b5800000|100%| E|CS|TAMS 0x00000000b5700000, 0x00000000b5700000| Complete 
| 344|0x00000000b5800000, 0x00000000b5900000, 0x00000000b5900000|100%| E|CS|TAMS 0x00000000b5800000, 0x00000000b5800000| Complete 
| 345|0x00000000b5900000, 0x00000000b5a00000, 0x00000000b5a00000|100%| E|CS|TAMS 0x00000000b5900000, 0x00000000b5900000| Complete 
| 346|0x00000000b5a00000, 0x00000000b5b00000, 0x00000000b5b00000|100%| E|CS|TAMS 0x00000000b5a00000, 0x00000000b5a00000| Complete 
| 347|0x00000000b5b00000, 0x00000000b5c00000, 0x00000000b5c00000|100%| E|CS|TAMS 0x00000000b5b00000, 0x00000000b5b00000| Complete 
| 348|0x00000000b5c00000, 0x00000000b5d00000, 0x00000000b5d00000|100%| E|CS|TAMS 0x00000000b5c00000, 0x00000000b5c00000| Complete 
| 349|0x00000000b5d00000, 0x00000000b5e00000, 0x00000000b5e00000|100%| E|CS|TAMS 0x00000000b5d00000, 0x00000000b5d00000| Complete 

Card table byte_map: [0x000002aa23840000,0x000002aa23b40000] _byte_map_base: 0x000002aa23340000

Marking Bits (Prev, Next): (CMBitMap*) 0x000002aa10739d60, (CMBitMap*) 0x000002aa10739d28
 Prev Bits: [0x000002aa25640000, 0x000002aa26e40000)
 Next Bits: [0x000002aa23e40000, 0x000002aa25640000)

Polling page: 0x000002aa0fee0000

Metaspace:

Usage:
  Non-class:     97.92 MB capacity,    94.69 MB ( 97%) used,     2.85 MB (  3%) free+waste,   398.44 KB ( <1%) overhead. 
      Class:     15.25 MB capacity,    13.76 MB ( 90%) used,     1.32 MB (  9%) free+waste,   180.69 KB (  1%) overhead. 
       Both:    113.18 MB capacity,   108.44 MB ( 96%) used,     4.17 MB (  4%) free+waste,   579.13 KB ( <1%) overhead. 

Virtual space:
  Non-class space:       98.00 MB reserved,      97.95 MB (>99%) committed 
      Class space:        1.00 GB reserved,      15.38 MB (  2%) committed 
             Both:        1.10 GB reserved,     113.33 MB ( 10%) committed 

Chunk freelists:
   Non-Class:  29.00 KB
       Class:  0 bytes
        Both:  29.00 KB

MaxMetaspaceSize: 17179869184.00 GB
CompressedClassSpaceSize: 1.00 GB

CodeHeap 'non-profiled nmethods': size=120000Kb used=11949Kb max_used=11949Kb free=108050Kb
 bounds [0x000002aa1bcd0000, 0x000002aa1c880000, 0x000002aa23200000]
CodeHeap 'profiled nmethods': size=120000Kb used=38357Kb max_used=38357Kb free=81643Kb
 bounds [0x000002aa147a0000, 0x000002aa16d20000, 0x000002aa1bcd0000]
CodeHeap 'non-nmethods': size=5760Kb used=2321Kb max_used=2405Kb free=3438Kb
 bounds [0x000002aa14200000, 0x000002aa14470000, 0x000002aa147a0000]
 total_blobs=19107 nmethods=18176 adapters=841
 compilation: enabled
              stopped_count=0, restarted_count=0
 full_count=0

Compilation events (20 events):
Event: 1727.147 Thread 0x000002aa298c5000 18647       2       org.gradle.internal.concurrent.GradleThread::setManaged (10 bytes)
Event: 1727.147 Thread 0x000002aa298c5000 nmethod 18647 0x000002aa16d10c10 code [0x000002aa16d10de0, 0x000002aa16d11018]
Event: 1727.147 Thread 0x000002aa298c5000 18648       2       java.lang.Thread::<init> (29 bytes)
Event: 1727.148 Thread 0x000002aa298c5000 nmethod 18648 0x000002aa16d11190 code [0x000002aa16d113a0, 0x000002aa16d11878]
Event: 1727.148 Thread 0x000002aa298c5000 18649  s    2       java.lang.Thread::nextThreadNum (10 bytes)
Event: 1727.148 Thread 0x000002aa298c5000 nmethod 18649 0x000002aa16d11a90 code [0x000002aa16d11c40, 0x000002aa16d11eb8]
Event: 1727.148 Thread 0x000002aa298c5000 18650       2       org.gradle.internal.concurrent.ThreadFactoryImpl$ManagedThreadRunnable::run (13 bytes)
Event: 1727.148 Thread 0x000002aa298c5000 nmethod 18650 0x000002aa16d11f90 code [0x000002aa16d12180, 0x000002aa16d12408]
Event: 1727.156 Thread 0x000002aa298c5000 18651   !   2       sun.util.locale.provider.JRELocaleProviderAdapter::getDecimalFormatSymbolsProvider (51 bytes)
Event: 1727.159 Thread 0x000002aa298c5000 nmethod 18651 0x000002aa16d12610 code [0x000002aa16d127e0, 0x000002aa16d12c08]
Event: 1727.159 Thread 0x000002aa298c5000 18654       2       java.util.Formatter$FormatSpecifier::appendJustified (91 bytes)
Event: 1727.160 Thread 0x000002aa298c5000 nmethod 18654 0x000002aa16d12d90 code [0x000002aa16d12f80, 0x000002aa16d13248]
Event: 1727.160 Thread 0x000002aa298c5000 18652       2       sun.util.locale.provider.DecimalFormatSymbolsProviderImpl::getInstance (21 bytes)
Event: 1727.160 Thread 0x000002aa298c5000 nmethod 18652 0x000002aa16d13490 code [0x000002aa16d13660, 0x000002aa16d13898]
Event: 1727.160 Thread 0x000002aa298c5000 18653       2       java.text.DecimalFormatSymbols::<init> (15 bytes)
Event: 1727.160 Thread 0x000002aa298c5000 nmethod 18653 0x000002aa16d13990 code [0x000002aa16d13b40, 0x000002aa16d13c48]
Event: 1727.178 Thread 0x000002aa298c5000 18655       2       java.lang.StringBuilder::setLength (6 bytes)
Event: 1727.178 Thread 0x000002aa298c5000 nmethod 18655 0x000002aa16d13d10 code [0x000002aa16d13ec0, 0x000002aa16d13fc8]
Event: 1727.178 Thread 0x000002aa298c5000 18656       2       sun.util.locale.provider.CalendarDataUtility::findRegionOverride (109 bytes)
Event: 1727.181 Thread 0x000002aa298c5000 nmethod 18656 0x000002aa16d14090 code [0x000002aa16d14360, 0x000002aa16d14d58]

GC Heap History (20 events):
Event: 67.671 GC heap before
{Heap before GC invocations=76 (full 0):
 garbage-first heap   total 329728K, used 270394K [0x00000000a0000000, 0x0000000100000000)
  region size 1024K, 34 young (34816K), 3 survivors (3072K)
 Metaspace       used 102907K, capacity 107037K, committed 107344K, reserved 1142784K
  class space    used 13286K, capacity 14598K, committed 14720K, reserved 1048576K
}
Event: 67.679 GC heap after
{Heap after GC invocations=77 (full 0):
 garbage-first heap   total 329728K, used 242367K [0x00000000a0000000, 0x0000000100000000)
  region size 1024K, 4 young (4096K), 4 survivors (4096K)
 Metaspace       used 102907K, capacity 107037K, committed 107344K, reserved 1142784K
  class space    used 13286K, capacity 14598K, committed 14720K, reserved 1048576K
}
Event: 68.027 GC heap before
{Heap before GC invocations=78 (full 0):
 garbage-first heap   total 329728K, used 274111K [0x00000000a0000000, 0x0000000100000000)
  region size 1024K, 36 young (36864K), 4 survivors (4096K)
 Metaspace       used 102964K, capacity 107170K, committed 107344K, reserved 1142784K
  class space    used 13286K, capacity 14598K, committed 14720K, reserved 1048576K
}
Event: 68.034 GC heap after
{Heap after GC invocations=79 (full 0):
 garbage-first heap   total 329728K, used 243592K [0x00000000a0000000, 0x0000000100000000)
  region size 1024K, 3 young (3072K), 3 survivors (3072K)
 Metaspace       used 102964K, capacity 107170K, committed 107344K, reserved 1142784K
  class space    used 13286K, capacity 14598K, committed 14720K, reserved 1048576K
}
Event: 69.353 GC heap before
{Heap before GC invocations=79 (full 0):
 garbage-first heap   total 329728K, used 276360K [0x00000000a0000000, 0x0000000100000000)
  region size 1024K, 36 young (36864K), 3 survivors (3072K)
 Metaspace       used 103474K, capacity 107723K, committed 107856K, reserved 1142784K
  class space    used 13339K, capacity 14694K, committed 14720K, reserved 1048576K
}
Event: 69.366 GC heap after
{Heap after GC invocations=80 (full 0):
 garbage-first heap   total 329728K, used 246582K [0x00000000a0000000, 0x0000000100000000)
  region size 1024K, 5 young (5120K), 5 survivors (5120K)
 Metaspace       used 103474K, capacity 107723K, committed 107856K, reserved 1142784K
  class space    used 13339K, capacity 14694K, committed 14720K, reserved 1048576K
}
Event: 70.022 GC heap before
{Heap before GC invocations=81 (full 0):
 garbage-first heap   total 329728K, used 234294K [0x00000000a0000000, 0x0000000100000000)
  region size 1024K, 37 young (37888K), 5 survivors (5120K)
 Metaspace       used 104525K, capacity 108769K, committed 109008K, reserved 1142784K
  class space    used 13440K, capacity 14810K, committed 14848K, reserved 1048576K
}
Event: 70.030 GC heap after
{Heap after GC invocations=82 (full 0):
 garbage-first heap   total 329728K, used 161468K [0x00000000a0000000, 0x0000000100000000)
  region size 1024K, 4 young (4096K), 4 survivors (4096K)
 Metaspace       used 104525K, capacity 108769K, committed 109008K, reserved 1142784K
  class space    used 13440K, capacity 14810K, committed 14848K, reserved 1048576K
}
Event: 70.348 GC heap before
{Heap before GC invocations=82 (full 0):
 garbage-first heap   total 329728K, used 209596K [0x00000000a0000000, 0x0000000100000000)
  region size 1024K, 38 young (38912K), 4 survivors (4096K)
 Metaspace       used 105248K, capacity 109606K, committed 109648K, reserved 1144832K
  class space    used 13544K, capacity 14943K, committed 14976K, reserved 1048576K
}
Event: 70.358 GC heap after
{Heap after GC invocations=83 (full 0):
 garbage-first heap   total 329728K, used 178922K [0x00000000a0000000, 0x0000000100000000)
  region size 1024K, 6 young (6144K), 6 survivors (6144K)
 Metaspace       used 105248K, capacity 109606K, committed 109648K, reserved 1144832K
  class space    used 13544K, capacity 14943K, committed 14976K, reserved 1048576K
}
Event: 70.826 GC heap before
{Heap before GC invocations=84 (full 0):
 garbage-first heap   total 329728K, used 196330K [0x00000000a0000000, 0x0000000100000000)
  region size 1024K, 9 young (9216K), 6 survivors (6144K)
 Metaspace       used 105274K, capacity 109636K, committed 109904K, reserved 1144832K
  class space    used 13548K, capacity 14952K, committed 14976K, reserved 1048576K
}
Event: 70.833 GC heap after
{Heap after GC invocations=85 (full 0):
 garbage-first heap   total 329728K, used 194048K [0x00000000a0000000, 0x0000000100000000)
  region size 1024K, 5 young (5120K), 5 survivors (5120K)
 Metaspace       used 105274K, capacity 109636K, committed 109904K, reserved 1144832K
  class space    used 13548K, capacity 14952K, committed 14976K, reserved 1048576K
}
Event: 71.436 GC heap before
{Heap before GC invocations=86 (full 0):
 garbage-first heap   total 329728K, used 298496K [0x00000000a0000000, 0x0000000100000000)
  region size 1024K, 23 young (23552K), 5 survivors (5120K)
 Metaspace       used 105572K, capacity 109943K, committed 110288K, reserved 1144832K
  class space    used 13592K, capacity 14988K, committed 15104K, reserved 1048576K
}
Event: 71.443 GC heap after
{Heap after GC invocations=87 (full 0):
 garbage-first heap   total 329728K, used 163442K [0x00000000a0000000, 0x0000000100000000)
  region size 1024K, 6 young (6144K), 6 survivors (6144K)
 Metaspace       used 105572K, capacity 109943K, committed 110288K, reserved 1144832K
  class space    used 13592K, capacity 14988K, committed 15104K, reserved 1048576K
}
Event: 71.770 GC heap before
{Heap before GC invocations=87 (full 0):
 garbage-first heap   total 352256K, used 349810K [0x00000000a0000000, 0x0000000100000000)
  region size 1024K, 7 young (7168K), 6 survivors (6144K)
 Metaspace       used 105577K, capacity 109943K, committed 110288K, reserved 1144832K
  class space    used 13592K, capacity 14988K, committed 15104K, reserved 1048576K
}
Event: 71.777 GC heap after
{Heap after GC invocations=88 (full 0):
 garbage-first heap   total 358400K, used 182230K [0x00000000a0000000, 0x0000000100000000)
  region size 1024K, 6 young (6144K), 6 survivors (6144K)
 Metaspace       used 105577K, capacity 109943K, committed 110288K, reserved 1144832K
  class space    used 13592K, capacity 14988K, committed 15104K, reserved 1048576K
}
Event: 1638.897 GC heap before
{Heap before GC invocations=89 (full 0):
 garbage-first heap   total 358400K, used 259030K [0x00000000a0000000, 0x0000000100000000)
  region size 1024K, 82 young (83968K), 6 survivors (6144K)
 Metaspace       used 109376K, capacity 113756K, committed 113872K, reserved 1148928K
  class space    used 13891K, capacity 15303K, committed 15360K, reserved 1048576K
}
Event: 1638.984 GC heap after
{Heap after GC invocations=90 (full 0):
 garbage-first heap   total 358400K, used 165649K [0x00000000a0000000, 0x0000000100000000)
  region size 1024K, 8 young (8192K), 8 survivors (8192K)
 Metaspace       used 109376K, capacity 113756K, committed 113872K, reserved 1148928K
  class space    used 13891K, capacity 15303K, committed 15360K, reserved 1048576K
}
Event: 1641.629 GC heap before
{Heap before GC invocations=90 (full 0):
 garbage-first heap   total 358400K, used 275217K [0x00000000a0000000, 0x0000000100000000)
  region size 1024K, 115 young (117760K), 8 survivors (8192K)
 Metaspace       used 110326K, capacity 115098K, committed 115408K, reserved 1148928K
  class space    used 14002K, capacity 15509K, committed 15616K, reserved 1048576K
}
Event: 1641.809 GC heap after
{Heap after GC invocations=91 (full 0):
 garbage-first heap   total 358400K, used 183552K [0x00000000a0000000, 0x0000000100000000)
  region size 1024K, 15 young (15360K), 15 survivors (15360K)
 Metaspace       used 110326K, capacity 115098K, committed 115408K, reserved 1148928K
  class space    used 14002K, capacity 15509K, committed 15616K, reserved 1048576K
}

Deoptimization events (20 events):
Event: 1727.166 Thread 0x000002aa31618000 Uncommon trap: trap_request=0xffffff4d fr.pc=0x000002aa1c7e1470 relative=0x0000000000003bb0
Event: 1727.166 Thread 0x000002aa31618000 Uncommon trap: reason=unstable_if action=reinterpret pc=0x000002aa1c7e1470 method=org.gradle.internal.operations.DefaultBuildOperationRunner.assertParentRunning(Ljava/lang/String;Lorg/gradle/internal/operations/BuildOperationDescriptor;Lorg/gradle/interna
Event: 1727.166 Thread 0x000002aa31618000 DEOPT PACKING pc=0x000002aa1c7e1470 sp=0x000000f71b8fe890
Event: 1727.167 Thread 0x000002aa31618000 DEOPT UNPACKING pc=0x000002aa1422662f sp=0x000000f71b8fe760 mode 2
Event: 1727.168 Thread 0x000002aa31620800 Uncommon trap: trap_request=0xffffff4d fr.pc=0x000002aa1c7e1470 relative=0x0000000000003bb0
Event: 1727.168 Thread 0x000002aa3161b800 Uncommon trap: trap_request=0xffffff4d fr.pc=0x000002aa1c7e1470 relative=0x0000000000003bb0
Event: 1727.168 Thread 0x000002aa3161b800 Uncommon trap: reason=unstable_if action=reinterpret pc=0x000002aa1c7e1470 method=org.gradle.internal.operations.DefaultBuildOperationRunner.assertParentRunning(Ljava/lang/String;Lorg/gradle/internal/operations/BuildOperationDescriptor;Lorg/gradle/interna
Event: 1727.168 Thread 0x000002aa31620800 Uncommon trap: reason=unstable_if action=reinterpret pc=0x000002aa1c7e1470 method=org.gradle.internal.operations.DefaultBuildOperationRunner.assertParentRunning(Ljava/lang/String;Lorg/gradle/internal/operations/BuildOperationDescriptor;Lorg/gradle/interna
Event: 1727.168 Thread 0x000002aa3161b800 DEOPT PACKING pc=0x000002aa1c7e1470 sp=0x000000f71b2fe6a0
Event: 1727.168 Thread 0x000002aa31620800 DEOPT PACKING pc=0x000002aa1c7e1470 sp=0x000000f71bcfea40
Event: 1727.169 Thread 0x000002aa31620800 DEOPT UNPACKING pc=0x000002aa1422662f sp=0x000000f71bcfe910 mode 2
Event: 1727.170 Thread 0x000002aa3161b800 DEOPT UNPACKING pc=0x000002aa1422662f sp=0x000000f71b2fe570 mode 2
Event: 1727.171 Thread 0x000002aa31622800 Uncommon trap: trap_request=0xffffff4d fr.pc=0x000002aa1c7e1470 relative=0x0000000000003bb0
Event: 1727.171 Thread 0x000002aa31622800 Uncommon trap: reason=unstable_if action=reinterpret pc=0x000002aa1c7e1470 method=org.gradle.internal.operations.DefaultBuildOperationRunner.assertParentRunning(Ljava/lang/String;Lorg/gradle/internal/operations/BuildOperationDescriptor;Lorg/gradle/interna
Event: 1727.171 Thread 0x000002aa31622800 DEOPT PACKING pc=0x000002aa1c7e1470 sp=0x000000f71bbfe710
Event: 1727.171 Thread 0x000002aa31622800 DEOPT UNPACKING pc=0x000002aa1422662f sp=0x000000f71bbfe5e0 mode 2
Event: 1727.178 Thread 0x000002aa2b073000 Uncommon trap: trap_request=0xffffff4d fr.pc=0x000002aa1c6b1338 relative=0x0000000000000458
Event: 1727.178 Thread 0x000002aa2b073000 Uncommon trap: reason=unstable_if action=reinterpret pc=0x000002aa1c6b1338 method=sun.nio.cs.SingleByte$Encoder.encodeArrayLoop(Ljava/nio/CharBuffer;Ljava/nio/ByteBuffer;)Ljava/nio/charset/CoderResult; @ 96 c2
Event: 1727.178 Thread 0x000002aa2b073000 DEOPT PACKING pc=0x000002aa1c6b1338 sp=0x000000f7191fbf80
Event: 1727.178 Thread 0x000002aa2b073000 DEOPT UNPACKING pc=0x000002aa1422662f sp=0x000000f7191fbef8 mode 2

Classes redefined (0 events):
No events

Internal exceptions (20 events):
Event: 1637.892 Thread 0x000002aa31616800 Implicit null exception at 0x000002aa1c26d5af to 0x000002aa1c26d5fc
Event: 1637.899 Thread 0x000002aa31616800 Implicit null exception at 0x000002aa1c70cf6c to 0x000002aa1c7133e4
Event: 1639.446 Thread 0x000002aa31616800 Exception <a 'sun/nio/fs/WindowsException'{0x00000000b4d565d0}> (0x00000000b4d565d0) thrown at [./src/hotspot/share/prims/jni.cpp, line 615]
Event: 1641.398 Thread 0x000002aa31616800 Exception <a 'sun/nio/fs/WindowsException'{0x00000000b00f1f50}> (0x00000000b00f1f50) thrown at [./src/hotspot/share/prims/jni.cpp, line 615]
Event: 1641.442 Thread 0x000002aa31616800 Exception <a 'sun/nio/fs/WindowsException'{0x00000000aff94c28}> (0x00000000aff94c28) thrown at [./src/hotspot/share/prims/jni.cpp, line 615]
Event: 1641.444 Thread 0x000002aa31616800 Exception <a 'sun/nio/fs/WindowsException'{0x00000000aff95fa0}> (0x00000000aff95fa0) thrown at [./src/hotspot/share/prims/jni.cpp, line 615]
Event: 1641.444 Thread 0x000002aa31616800 Exception <a 'sun/nio/fs/WindowsException'{0x00000000aff97368}> (0x00000000aff97368) thrown at [./src/hotspot/share/prims/jni.cpp, line 615]
Event: 1641.444 Thread 0x000002aa31616800 Exception <a 'sun/nio/fs/WindowsException'{0x00000000aff98970}> (0x00000000aff98970) thrown at [./src/hotspot/share/prims/jni.cpp, line 615]
Event: 1642.208 Thread 0x000002aa31616800 Exception <a 'sun/nio/fs/WindowsException'{0x00000000b3eebb28}> (0x00000000b3eebb28) thrown at [./src/hotspot/share/prims/jni.cpp, line 615]
Event: 1645.826 Thread 0x000002aa2b07e800 Exception <a 'java/lang/reflect/InvocationTargetException'{0x00000000b304d2b0}> (0x00000000b304d2b0) thrown at [./src/hotspot/share/runtime/reflection.cpp, line 1247]
Event: 1645.911 Thread 0x000002aa2fc56000 Exception <a 'sun/nio/fs/WindowsException'{0x00000000b2d13fe8}> (0x00000000b2d13fe8) thrown at [./src/hotspot/share/prims/jni.cpp, line 615]
Event: 1646.394 Thread 0x000002aa31619800 Implicit null exception at 0x000002aa1be603c6 to 0x000002aa1be6073c
Event: 1646.397 Thread 0x000002aa31619800 Exception <a 'java/lang/NoSuchMethodError'{0x00000000b2309528}: <clinit>> (0x00000000b2309528) thrown at [./src/hotspot/share/prims/jni.cpp, line 1362]
Event: 1646.398 Thread 0x000002aa31619800 Exception <a 'java/lang/NoSuchMethodError'{0x00000000b231aa60}: <clinit>> (0x00000000b231aa60) thrown at [./src/hotspot/share/prims/jni.cpp, line 1362]
Event: 1646.398 Thread 0x000002aa31619800 Exception <a 'java/lang/NoSuchMethodError'{0x00000000b231c148}: <clinit>> (0x00000000b231c148) thrown at [./src/hotspot/share/prims/jni.cpp, line 1362]
Event: 1646.399 Thread 0x000002aa31619800 Exception <a 'java/lang/NoSuchMethodError'{0x00000000b232e798}: <clinit>> (0x00000000b232e798) thrown at [./src/hotspot/share/prims/jni.cpp, line 1362]
Event: 1646.400 Thread 0x000002aa31619800 Exception <a 'java/lang/NoSuchMethodError'{0x00000000b233ab30}: <clinit>> (0x00000000b233ab30) thrown at [./src/hotspot/share/prims/jni.cpp, line 1362]
Event: 1727.150 Thread 0x000002aa2b073000 Exception <a 'java/lang/OutOfMemoryError'{0x00000000b16bb608}: unable to create native thread: possibly out of memory or process/resource limits reached> (0x00000000b16bb608) thrown at [./src/hotspot/share/prims/jvm.cpp, line 2924]
Event: 1727.155 Thread 0x000002aa3161e800 StackOverflowError at 0x000002aa1bebaa60
Event: 1727.155 Thread 0x000002aa3161e800 Exception <a 'java/lang/StackOverflowError'{0x00000000b16a89d0}> (0x00000000b16a89d0) thrown at [./src/hotspot/share/runtime/sharedRuntime.cpp, line 607]

Events (20 events):
Event: 1727.148 Thread 0x000002aa31618000 Thread added: 0x000002aa31618000
Event: 1727.148 Thread 0x000002aa31617800 Thread added: 0x000002aa31617800
Event: 1727.148 Thread 0x000002aa3161e800 Thread added: 0x000002aa3161e800
Event: 1727.148 Thread 0x000002aa31622800 Thread added: 0x000002aa31622800
Event: 1727.149 Thread 0x000002aa31620800 Thread added: 0x000002aa31620800
Event: 1727.149 Thread 0x000002aa31621000 Thread added: 0x000002aa31621000
Event: 1727.149 Thread 0x000002aa31623800 Thread added: 0x000002aa31623800
Event: 1727.149 Thread 0x000002aa3161f800 Thread added: 0x000002aa3161f800
Event: 1727.151 Executing VM operation: RevokeBias
Event: 1727.151 Executing coalesced safepoint VM operation: RevokeBias
Event: 1727.151 Executing coalesced safepoint VM operation: RevokeBias done
Event: 1727.151 Executing coalesced safepoint VM operation: RevokeBias
Event: 1727.151 Executing coalesced safepoint VM operation: RevokeBias done
Event: 1727.151 Executing coalesced safepoint VM operation: RevokeBias
Event: 1727.151 Executing coalesced safepoint VM operation: RevokeBias done
Event: 1727.151 Executing coalesced safepoint VM operation: RevokeBias
Event: 1727.151 Executing coalesced safepoint VM operation: RevokeBias done
Event: 1727.151 Executing coalesced safepoint VM operation: RevokeBias
Event: 1727.151 Executing coalesced safepoint VM operation: RevokeBias done
Event: 1727.151 Executing VM operation: RevokeBias done


Dynamic libraries:
0x00007ff73a110000 - 0x00007ff73a11a000 	C:\Program Files\Android\Android Studio\jre\bin\java.exe
0x00007fff68790000 - 0x00007fff68985000 	C:\Windows\SYSTEM32\ntdll.dll
0x00007fff67170000 - 0x00007fff6722d000 	C:\Windows\System32\KERNEL32.DLL
0x00007fff66120000 - 0x00007fff663ed000 	C:\Windows\System32\KERNELBASE.dll
0x00007fff663f0000 - 0x00007fff664f0000 	C:\Windows\System32\ucrtbase.dll
0x00007fff4a2f0000 - 0x00007fff4a309000 	C:\Program Files\Android\Android Studio\jre\bin\jli.dll
0x00007fff4e9c0000 - 0x00007fff4e9d7000 	C:\Program Files\Android\Android Studio\jre\bin\VCRUNTIME140.dll
0x00007fff67710000 - 0x00007fff678b0000 	C:\Windows\System32\USER32.dll
0x00007fff4fd40000 - 0x00007fff4ffda000 	C:\Windows\WinSxS\amd64_microsoft.windows.common-controls_6595b64144ccf1df_6.0.19041.1110_none_60b5254171f9507e\COMCTL32.dll
0x00007fff67970000 - 0x00007fff67a0e000 	C:\Windows\System32\msvcrt.dll
0x00007fff664f0000 - 0x00007fff66512000 	C:\Windows\System32\win32u.dll
0x00007fff68330000 - 0x00007fff6835a000 	C:\Windows\System32\GDI32.dll
0x00007fff65f50000 - 0x00007fff6605b000 	C:\Windows\System32\gdi32full.dll
0x00007fff66520000 - 0x00007fff665bd000 	C:\Windows\System32\msvcp_win.dll
0x00007fff67940000 - 0x00007fff67970000 	C:\Windows\System32\IMM32.DLL
0x00007fff0cab0000 - 0x00007fff0cb4d000 	C:\Program Files\Android\Android Studio\jre\bin\msvcp140.dll
0x00007ffeccc60000 - 0x00007ffecd735000 	C:\Program Files\Android\Android Studio\jre\bin\server\jvm.dll
0x00007fff686a0000 - 0x00007fff6874e000 	C:\Windows\System32\ADVAPI32.dll
0x00007fff67b70000 - 0x00007fff67c0c000 	C:\Windows\System32\sechost.dll
0x00007fff67c20000 - 0x00007fff67d45000 	C:\Windows\System32\RPCRT4.dll
0x00007fff67c10000 - 0x00007fff67c18000 	C:\Windows\System32\PSAPI.DLL
0x00007fff4f340000 - 0x00007fff4f349000 	C:\Windows\SYSTEM32\WSOCK32.dll
0x00007fff4fc00000 - 0x00007fff4fc27000 	C:\Windows\SYSTEM32\WINMM.dll
0x00007fff5e950000 - 0x00007fff5e95a000 	C:\Windows\SYSTEM32\VERSION.dll
0x00007fff67a10000 - 0x00007fff67a7b000 	C:\Windows\System32\WS2_32.dll
0x00007fff63da0000 - 0x00007fff63db2000 	C:\Windows\SYSTEM32\kernel.appcore.dll
0x00007fff3fc10000 - 0x00007fff3fc21000 	C:\Program Files\Android\Android Studio\jre\bin\verify.dll
0x00007fff4acf0000 - 0x00007fff4aed4000 	C:\Windows\SYSTEM32\DBGHELP.DLL
0x00007fff4ac90000 - 0x00007fff4acbc000 	C:\Windows\SYSTEM32\dbgcore.DLL
0x00007fff66720000 - 0x00007fff667a2000 	C:\Windows\System32\bcryptPrimitives.dll
0x00007fff330f0000 - 0x00007fff33119000 	C:\Program Files\Android\Android Studio\jre\bin\java.dll
0x00007fff4ea00000 - 0x00007fff4ea0b000 	C:\Program Files\Android\Android Studio\jre\bin\jimage.dll
0x00007fff33620000 - 0x00007fff33638000 	C:\Program Files\Android\Android Studio\jre\bin\zip.dll
0x00007fff667e0000 - 0x00007fff66f24000 	C:\Windows\System32\SHELL32.dll
0x00007fff63fa0000 - 0x00007fff64734000 	C:\Windows\SYSTEM32\windows.storage.dll
0x00007fff67d70000 - 0x00007fff680c4000 	C:\Windows\System32\combase.dll
0x00007fff65900000 - 0x00007fff6592c000 	C:\Windows\SYSTEM32\Wldp.dll
0x00007fff66f90000 - 0x00007fff6703d000 	C:\Windows\System32\SHCORE.dll
0x00007fff66f30000 - 0x00007fff66f85000 	C:\Windows\System32\shlwapi.dll
0x00007fff65de0000 - 0x00007fff65dff000 	C:\Windows\SYSTEM32\profapi.dll
0x00007fff332c0000 - 0x00007fff332da000 	C:\Program Files\Android\Android Studio\jre\bin\net.dll
0x00007fff532c0000 - 0x00007fff533ca000 	C:\Windows\SYSTEM32\WINHTTP.dll
0x00007fff65660000 - 0x00007fff656ca000 	C:\Windows\system32\mswsock.dll
0x00007fff2f5d0000 - 0x00007fff2f5e4000 	C:\Program Files\Android\Android Studio\jre\bin\nio.dll
0x00007fff20570000 - 0x00007fff20597000 	C:\Users\Necat\.gradle\native\e1d6ef7f7dcc3fd88c89a11ec53ec762bb8ba0a96d01ffa2cd45eb1d1d8dd5c5\windows-amd64\native-platform.dll
0x00007fff0b360000 - 0x00007fff0b4a4000 	C:\Users\Necat\.gradle\native\5664cfc778a61ccfe75a443a1ab52a65af34e5dc3c78e0209fed803814484fcb\windows-amd64\native-platform-file-events.dll
0x00007fff4cbd0000 - 0x00007fff4cbda000 	C:\Program Files\Android\Android Studio\jre\bin\management.dll
0x00007fff3fba0000 - 0x00007fff3fbad000 	C:\Program Files\Android\Android Studio\jre\bin\management_ext.dll
0x00007fff65850000 - 0x00007fff65868000 	C:\Windows\SYSTEM32\CRYPTSP.dll
0x00007fff64f70000 - 0x00007fff64fa4000 	C:\Windows\system32\rsaenh.dll
0x00007fff667b0000 - 0x00007fff667d7000 	C:\Windows\System32\bcrypt.dll
0x00007fff65da0000 - 0x00007fff65dce000 	C:\Windows\SYSTEM32\USERENV.dll
0x00007fff65870000 - 0x00007fff6587c000 	C:\Windows\SYSTEM32\CRYPTBASE.dll
0x00007fff65300000 - 0x00007fff6533b000 	C:\Windows\SYSTEM32\IPHLPAPI.DLL
0x00007fff67b60000 - 0x00007fff67b68000 	C:\Windows\System32\NSI.dll
0x00007fff5df70000 - 0x00007fff5df87000 	C:\Windows\SYSTEM32\dhcpcsvc6.DLL
0x00007fff5d800000 - 0x00007fff5d81d000 	C:\Windows\SYSTEM32\dhcpcsvc.DLL
0x00007fff65340000 - 0x00007fff6540b000 	C:\Windows\SYSTEM32\DNSAPI.dll
0x00007fff25740000 - 0x00007fff25767000 	C:\Program Files\Android\Android Studio\jre\bin\sunec.dll
0x00007fff636e0000 - 0x00007fff63770000 	C:\Windows\system32\apphelp.dll

dbghelp: loaded successfully - version: 4.0.5 - missing functions: none
symbol engine: initialized successfully - sym options: 0x614 - pdb path: .;C:\Program Files\Android\Android Studio\jre\bin;C:\Windows\SYSTEM32;C:\Windows\WinSxS\amd64_microsoft.windows.common-controls_6595b64144ccf1df_6.0.19041.1110_none_60b5254171f9507e;C:\Program Files\Android\Android Studio\jre\bin\server;C:\Users\Necat\.gradle\native\e1d6ef7f7dcc3fd88c89a11ec53ec762bb8ba0a96d01ffa2cd45eb1d1d8dd5c5\windows-amd64;C:\Users\Necat\.gradle\native\5664cfc778a61ccfe75a443a1ab52a65af34e5dc3c78e0209fed803814484fcb\windows-amd64

VM Arguments:
jvm_args: --add-opens=java.base/java.util=ALL-UNNAMED --add-opens=java.base/java.lang=ALL-UNNAMED --add-opens=java.base/java.lang.invoke=ALL-UNNAMED --add-opens=java.base/java.util=ALL-UNNAMED --add-opens=java.prefs/java.util.prefs=ALL-UNNAMED --add-opens=java.prefs/java.util.prefs=ALL-UNNAMED --add-opens=java.base/java.nio.charset=ALL-UNNAMED --add-opens=java.base/java.net=ALL-UNNAMED --add-opens=java.base/java.util.concurrent.atomic=ALL-UNNAMED -Xmx1536M -Dfile.encoding=windows-1252 -Duser.country=TR -Duser.language=tr -Duser.variant 
java_command: org.gradle.launcher.daemon.bootstrap.GradleDaemon 7.3.3
java_class_path (initial): C:\Users\Necat\.gradle\wrapper\dists\gradle-7.3.3-all\4295vidhdd9hd3gbjyw1xqxpo\gradle-7.3.3\lib\gradle-launcher-7.3.3.jar
Launcher Type: SUN_STANDARD

[Global flags]
     intx CICompilerCount                          = 4                                         {product} {ergonomic}
     uint ConcGCThreads                            = 2                                         {product} {ergonomic}
     uint G1ConcRefinementThreads                  = 8                                         {product} {ergonomic}
   size_t G1HeapRegionSize                         = 1048576                                   {product} {ergonomic}
    uintx GCDrainStackTargetSize                   = 64                                        {product} {ergonomic}
   size_t InitialHeapSize                          = 132120576                                 {product} {ergonomic}
   size_t MarkStackSize                            = 4194304                                   {product} {ergonomic}
   size_t MaxHeapSize                              = 1610612736                                {product} {command line}
   size_t MaxNewSize                               = 965738496                                 {product} {ergonomic}
   size_t MinHeapDeltaBytes                        = 1048576                                   {product} {ergonomic}
    uintx NonNMethodCodeHeapSize                   = 5836300                                {pd product} {ergonomic}
    uintx NonProfiledCodeHeapSize                  = 122910970                              {pd product} {ergonomic}
    uintx ProfiledCodeHeapSize                     = 122910970                              {pd product} {ergonomic}
    uintx ReservedCodeCacheSize                    = 251658240                              {pd product} {ergonomic}
     bool SegmentedCodeCache                       = true                                      {product} {ergonomic}
     bool UseCompressedClassPointers               = true                                 {lp64_product} {ergonomic}
     bool UseCompressedOops                        = true                                 {lp64_product} {ergonomic}
     bool UseG1GC                                  = true                                      {product} {ergonomic}
     bool UseLargePagesIndividualAllocation        = false                                  {pd product} {ergonomic}

Logging:
Log output configuration:
 #0: stdout all=warning uptime,level,tags
 #1: stderr all=off uptime,level,tags

Environment Variables:
JAVA_HOME=C:\Program Files\Android\Android Studio\jre
CLASSPATH=D:\AndroidStudioProjects\diyetlendin\android\\gradle\wrapper\gradle-wrapper.jar
PATH=C:\Python310\Scripts\;C:\Python310\;C:\Program Files\Common Files\Oracle\Java\javapath;C:\Program Files (x86)\Common Files\Oracle\Java\javapath;C:\Windows\system32;C:\Windows;C:\Windows\System32\Wbem;C:\Windows\System32\WindowsPowerShell\v1.0\;C:\Windows\System32\OpenSSH\;C:\Program Files\NVIDIA Corporation\NVIDIA NvDLISR;C:\Program Files\Git\cmd;C:\Program Files\Microsoft SQL Server\130\Tools\Binn\;C:\Program Files\Microsoft SQL Server\Client SDK\ODBC\170\Tools\Binn\;C:\Program Files\mingw-w64\x86_64-8.1.0-win32-seh-rt_v6-rev0\mingw64\bin;C:\Program Files\nodejs\;C:\ProgramData\chocolatey\bin;C:\Program Files (x86)\Microsoft SQL Server\150\Tools\Binn\;C:\Program Files\Microsoft SQL Server\150\Tools\Binn\;C:\Program Files\Microsoft SQL Server\150\DTS\Binn\;C:\Program Files (x86)\Microsoft SQL Server\150\DTS\Binn\;C:\Program Files\Azure Data Studio\bin;C:\Users\Necat\AppData\Local\Microsoft\WindowsApps;C:\src\flutter\bin;C:\Program Files\JetBrains\CLion 2021.2.3\bin;;C:\Program Files\JetBrains\IntelliJ IDEA Community Edition 2021.2.3\bin;;C:\Users\Necat\AppData\Local\Programs\Microsoft VS Code\bin;C:\Users\Necat\AppData\Local\GitHubDesktop\bin;C:\Program Files\heroku\bin;C:\Users\Necat\AppData\Roaming\npm;C:\Program Files\Java\jdk-18.0.1\bin;;C:\Program Files\Azure Data Studio\bin;C:\src\flutter\bin\mingit\cmd
USERNAME=Necat
OS=Windows_NT
PROCESSOR_IDENTIFIER=Intel64 Family 6 Model 165 Stepping 2, GenuineIntel



---------------  S Y S T E M  ---------------

OS: Windows 10 , 64 bit Build 19041 (10.0.19041.1706)
OS uptime: 1 days 5:55 hours

CPU:total 8 (initial active 8) (4 cores per cpu, 2 threads per core) family 6 model 165 stepping 2 microcode 0xc8, cmov, cx8, fxsr, mmx, sse, sse2, sse3, ssse3, sse4.1, sse4.2, popcnt, avx, avx2, aes, clmul, erms, 3dnowpref, lzcnt, ht, tsc, tscinvbit, bmi1, bmi2, adx, fma

Memory: 4k page, system-wide physical 7981M (186M free)
TotalPageFile size 32557M (AvailPageFile size 0M)
current process WorkingSet (physical memory assigned to process): 139M, peak: 597M
current process commit charge ("private bytes"): 718M, peak: 792M

vm_info: OpenJDK 64-Bit Server VM (11.0.11+9-b60-7590822) for windows-amd64 JRE (11.0.11+9-b60-7590822), built on Jul 29 2021 21:43:44 by "builder" with MS VC++ 14.0 (VS2015)

END.
